<!DOCTYPE html>

<html>
  <head>
  <meta charset='utf-8'>
  <title>TestNG reports</title>

    <link type="text/css" href="testng-reports1.css" rel="stylesheet" id="ultra" />
    <link type="text/css" href="testng-reports.css" rel="stylesheet" id="retro" disabled="false"/>
    <script type="text/javascript" src="jquery-3.6.0.min.js"></script>
    <script type="text/javascript" src="testng-reports.js"></script>
    <script type="text/javascript" src="https://www.google.com/jsapi"></script>
    <script type='text/javascript'>
      google.load('visualization', '1', {packages:['table']});
      google.setOnLoadCallback(drawTable);
      var suiteTableInitFunctions = new Array();
      var suiteTableData = new Array();
    </script>
    <!--
      <script type="text/javascript" src="jquery-ui/js/jquery-ui-1.8.16.custom.min.js"></script>
     -->
  </head>

  <body>    <div class="top-banner-root">
      <span class="top-banner-title-font">Test results</span>
      <button id="button" class="button">Switch Retro Theme</button> <!-- button -->
      <br/>
      <span class="top-banner-font-1">1 suite, 7 failed tests</span>
    </div> <!-- top-banner-root -->
    <div class="navigator-root">
      <div class="navigator-suite-header">
        <span>All suites</span>
        <a href="#" title="Collapse/expand all the suites" class="collapse-all-link">
          <img src="collapseall.gif" class="collapse-all-icon">
          </img> <!-- collapse-all-icon -->
        </a> <!-- collapse-all-link -->
      </div> <!-- navigator-suite-header -->
      <div class="suite">
        <div class="rounded-window">
          <div class="suite-header light-rounded-window-top">
            <a href="#" panel-name="suite-Automation_Practice_Test_Suite" class="navigator-link">
              <span class="suite-name border-failed">Automation Practice Test Suite</span>
            </a> <!-- navigator-link -->
          </div> <!-- suite-header light-rounded-window-top -->
          <div class="navigator-suite-content">
            <div class="suite-section-title">
              <span>Info</span>
            </div> <!-- suite-section-title -->
            <div class="suite-section-content">
              <ul>
                <li>
                  <a href="#" panel-name="test-xml-Automation_Practice_Test_Suite" class="navigator-link ">
                    <span>testng.xml</span>
                  </a> <!-- navigator-link  -->
                </li>
                <li>
                  <a href="#" panel-name="testlist-Automation_Practice_Test_Suite" class="navigator-link ">
                    <span class="test-stats">1 test</span>
                  </a> <!-- navigator-link  -->
                </li>
                <li>
                  <a href="#" panel-name="group-Automation_Practice_Test_Suite" class="navigator-link ">
                    <span>3 groups</span>
                  </a> <!-- navigator-link  -->
                </li>
                <li>
                  <a href="#" panel-name="times-Automation_Practice_Test_Suite" class="navigator-link ">
                    <span>Times</span>
                  </a> <!-- navigator-link  -->
                </li>
                <li>
                  <a href="#" panel-name="reporter-Automation_Practice_Test_Suite" class="navigator-link ">
                    <span>Reporter output</span>
                  </a> <!-- navigator-link  -->
                </li>
                <li>
                  <a href="#" panel-name="ignored-methods-Automation_Practice_Test_Suite" class="navigator-link ">
                    <span>Ignored methods</span>
                  </a> <!-- navigator-link  -->
                </li>
                <li>
                  <a href="#" panel-name="chronological-Automation_Practice_Test_Suite" class="navigator-link ">
                    <span>Chronological view</span>
                  </a> <!-- navigator-link  -->
                </li>
              </ul>
            </div> <!-- suite-section-content -->
            <div class="result-section">
              <div class="suite-section-title">
                <span>Results</span>
              </div> <!-- suite-section-title -->
              <div class="suite-section-content">
                <ul>
                  <li>
                    <span class="method-stats">13 methods, 7 failed,  3 skipped,  3 passed</span>
                  </li>
                  <li>
                    <span class="method-list-title failed">Failed methods</span>
                    <span class="show-or-hide-methods failed">
                      <a href="#" panel-name="suite-Automation_Practice_Test_Suite" class="hide-methods failed suite-Automation_Practice_Test_Suite"> (hide)</a> <!-- hide-methods failed suite-Automation_Practice_Test_Suite -->
                      <a href="#" panel-name="suite-Automation_Practice_Test_Suite" class="show-methods failed suite-Automation_Practice_Test_Suite"> (show)</a> <!-- show-methods failed suite-Automation_Practice_Test_Suite -->
                    </span>
                    <div class="method-list-content failed suite-Automation_Practice_Test_Suite">
                      <span>
                        <img src="failed.png" width="3%"/>
                        <a href="#" panel-name="suite-Automation_Practice_Test_Suite" title="com.ui.tests.AddNewFirstAddressTest" class="method navigator-link" hash-for-method="addNewAddress">addNewAddress</a> <!-- method navigator-link -->
                      </span>
                      <br/>
                      <span>
                        <img src="failed.png" width="3%"/>
                        <a href="#" panel-name="suite-Automation_Practice_Test_Suite" title="com.ui.tests.ProductCheckoutTest" class="method navigator-link" hash-for-method="checkoutTest">checkoutTest</a> <!-- method navigator-link -->
                      </span>
                      <br/>
                      <span>
                        <img src="failed.png" width="3%"/>
                        <a href="#" panel-name="suite-Automation_Practice_Test_Suite" title="com.ui.tests.LoginTest" class="method navigator-link" hash-for-method="loginCSVTest(User [emailAddress=vavic26266@ahanim.com, password=password])">loginCSVTest(User [emailAddress=vavic26266@ahanim.com, password=password])</a> <!-- method navigator-link -->
                      </span>
                      <br/>
                      <span>
                        <img src="failed.png" width="3%"/>
                        <a href="#" panel-name="suite-Automation_Practice_Test_Suite" title="com.ui.tests.LoginTest" class="method navigator-link" hash-for-method="loginCSVTest(User [emailAddress=uday@gmail.com, password=pass4321])">loginCSVTest(User [emailAddress=uday@gmail.com, password=pass4321])</a> <!-- method navigator-link -->
                      </span>
                      <br/>
                      <span>
                        <img src="failed.png" width="3%"/>
                        <a href="#" panel-name="suite-Automation_Practice_Test_Suite" title="com.ui.tests.LoginTest" class="method navigator-link" hash-for-method="loginExcelTest(User [emailAddress=vavic26266@ahanim.com, password=password])">loginExcelTest(User [emailAddress=vavic26266@ahanim.com, password=password])</a> <!-- method navigator-link -->
                      </span>
                      <br/>
                      <span>
                        <img src="failed.png" width="3%"/>
                        <a href="#" panel-name="suite-Automation_Practice_Test_Suite" title="com.ui.tests.LoginTest" class="method navigator-link" hash-for-method="loginTest(User [emailAddress=vavic26266@ahanim.com, password=password])">loginTest(User [emailAddress=vavic26266@ahanim.com, password=password])</a> <!-- method navigator-link -->
                      </span>
                      <br/>
                      <span>
                        <img src="failed.png" width="3%"/>
                        <a href="#" panel-name="suite-Automation_Practice_Test_Suite" title="com.ui.tests.SearchProductTest" class="method navigator-link" hash-for-method="verifyProductSearchTest">verifyProductSearchTest</a> <!-- method navigator-link -->
                      </span>
                      <br/>
                    </div> <!-- method-list-content failed suite-Automation_Practice_Test_Suite -->
                  </li>
                  <li>
                    <span class="method-list-title skipped">Retried methods</span>
                    <span class="show-or-hide-methods skipped">
                      <a href="#" panel-name="suite-Automation_Practice_Test_Suite" class="hide-methods skipped suite-Automation_Practice_Test_Suite"> (hide)</a> <!-- hide-methods skipped suite-Automation_Practice_Test_Suite -->
                      <a href="#" panel-name="suite-Automation_Practice_Test_Suite" class="show-methods skipped suite-Automation_Practice_Test_Suite"> (show)</a> <!-- show-methods skipped suite-Automation_Practice_Test_Suite -->
                    </span>
                    <div class="method-list-content skipped suite-Automation_Practice_Test_Suite">
                      <span>
                        <img src="skipped.png" width="3%"/>
                        <a href="#" panel-name="suite-Automation_Practice_Test_Suite" title="com.ui.tests.LoginTest" class="method navigator-link" hash-for-method="loginExcelTest(User [emailAddress=vavic26266@ahanim.com, password=password])">loginExcelTest(User [emailAddress=vavic26266@ahanim.com, password=password])</a> <!-- method navigator-link -->
                      </span>
                      <br/>
                      <span>
                        <img src="skipped.png" width="3%"/>
                        <a href="#" panel-name="suite-Automation_Practice_Test_Suite" title="com.ui.tests.LoginTest" class="method navigator-link" hash-for-method="loginExcelTest(User [emailAddress=vavic26266@ahanim.com, password=password])">loginExcelTest(User [emailAddress=vavic26266@ahanim.com, password=password])</a> <!-- method navigator-link -->
                      </span>
                      <br/>
                      <span>
                        <img src="skipped.png" width="3%"/>
                        <a href="#" panel-name="suite-Automation_Practice_Test_Suite" title="com.ui.tests.LoginTest" class="method navigator-link" hash-for-method="loginExcelTest(User [emailAddress=vavic26266@ahanim.com, password=password])">loginExcelTest(User [emailAddress=vavic26266@ahanim.com, password=password])</a> <!-- method navigator-link -->
                      </span>
                      <br/>
                    </div> <!-- method-list-content skipped suite-Automation_Practice_Test_Suite -->
                  </li>
                  <li>
                    <span class="method-list-title passed">Passed methods</span>
                    <span class="show-or-hide-methods passed">
                      <a href="#" panel-name="suite-Automation_Practice_Test_Suite" class="hide-methods passed suite-Automation_Practice_Test_Suite"> (hide)</a> <!-- hide-methods passed suite-Automation_Practice_Test_Suite -->
                      <a href="#" panel-name="suite-Automation_Practice_Test_Suite" class="show-methods passed suite-Automation_Practice_Test_Suite"> (show)</a> <!-- show-methods passed suite-Automation_Practice_Test_Suite -->
                    </span>
                    <div class="method-list-content passed suite-Automation_Practice_Test_Suite">
                      <span>
                        <img src="passed.png" width="3%"/>
                        <a href="#" panel-name="suite-Automation_Practice_Test_Suite" title="com.ui.tests.LoginTest" class="method navigator-link" hash-for-method="loginCSVTest(User [emailAddress=karan@gmail.com, password=pass1234])">loginCSVTest(User [emailAddress=karan@gmail.com, password=pass1234])</a> <!-- method navigator-link -->
                      </span>
                      <br/>
                      <span>
                        <img src="passed.png" width="3%"/>
                        <a href="#" panel-name="suite-Automation_Practice_Test_Suite" title="com.ui.tests.InvalidCredLoginTest" class="method navigator-link" hash-for-method="loginTest">loginTest</a> <!-- method navigator-link -->
                      </span>
                      <br/>
                      <span>
                        <img src="passed.png" width="3%"/>
                        <a href="#" panel-name="suite-Automation_Practice_Test_Suite" title="com.ui.tests.LoginTest" class="method navigator-link" hash-for-method="loginTest(User [emailAddress=karan@gmail.com, password=pass1234])">loginTest(User [emailAddress=karan@gmail.com, password=pass1234])</a> <!-- method navigator-link -->
                      </span>
                      <br/>
                    </div> <!-- method-list-content passed suite-Automation_Practice_Test_Suite -->
                  </li>
                </ul>
              </div> <!-- suite-section-content -->
            </div> <!-- result-section -->
          </div> <!-- navigator-suite-content -->
        </div> <!-- rounded-window -->
      </div> <!-- suite -->
    </div> <!-- navigator-root -->
    <div class="wrapper">
      <div class="main-panel-root">
        <div panel-name="suite-Automation_Practice_Test_Suite" class="panel Automation_Practice_Test_Suite">
          <div class="suite-Automation_Practice_Test_Suite-class-failed">
            <div class="main-panel-header rounded-window-top">
              <img src="failed.png"/>
              <span class="class-name">com.ui.tests.SearchProductTest</span>
            </div> <!-- main-panel-header rounded-window-top -->
            <div class="main-panel-content rounded-window-bottom">
              <div class="method">
                <div class="method-content">
                  <a name="verifyProductSearchTest">
                  </a> <!-- verifyProductSearchTest -->
                  <span class="method-name">verifyProductSearchTest</span>
                  <div class="stack-trace">java.lang.AssertionError: expected [true] but found [false]
	at com.ui.tests.SearchProductTest.verifyProductSearchTest(SearchProductTest.java:27)
	at java.base/java.util.concurrent.Executors$RunnableAdapter.call(Executors.java:515)
	at java.base/java.util.concurrent.FutureTask.run(FutureTask.java:264)
	at java.base/java.util.concurrent.ThreadPoolExecutor.runWorker(ThreadPoolExecutor.java:1128)
	at java.base/java.util.concurrent.ThreadPoolExecutor$Worker.run(ThreadPoolExecutor.java:628)
	at java.base/java.lang.Thread.run(Thread.java:829)
... Removed 20 stack frames
</div> <!-- stack-trace -->
                  <em>
(Verify if the logged in user is able to search for a product and correct products search result are displayed)                  </em>
                </div> <!-- method-content -->
              </div> <!-- method -->
            </div> <!-- main-panel-content rounded-window-bottom -->
          </div> <!-- suite-Automation_Practice_Test_Suite-class-failed -->
          <div class="suite-Automation_Practice_Test_Suite-class-failed">
            <div class="main-panel-header rounded-window-top">
              <img src="failed.png"/>
              <span class="class-name">com.ui.tests.ProductCheckoutTest</span>
            </div> <!-- main-panel-header rounded-window-top -->
            <div class="main-panel-content rounded-window-bottom">
              <div class="method">
                <div class="method-content">
                  <a name="checkoutTest">
                  </a> <!-- checkoutTest -->
                  <span class="method-name">checkoutTest</span>
                  <div class="stack-trace">org.openqa.selenium.TimeoutException: Expected condition failed: waiting for element to be clickable: By.name: processAddress (tried for 30 second(s) with 500 milliseconds interval)
Build info: version: &apos;4.35.0&apos;, revision: &apos;1c58e5028b&apos;
System info: os.name: &apos;Linux&apos;, os.arch: &apos;amd64&apos;, os.version: &apos;6.14.0-1017-azure&apos;, java.version: &apos;11.0.30&apos;
Driver info: org.openqa.selenium.chrome.ChromeDriver
Capabilities {acceptInsecureCerts: false, browserName: chrome, browserVersion: 144.0.7559.132, chrome: {chromedriverVersion: 144.0.7559.133 (7da823b1d59..., userDataDir: /tmp/org.chromium.Chromium....}, fedcm:accounts: true, goog:chromeOptions: {debuggerAddress: localhost:33375}, goog:processID: 2585, networkConnectionEnabled: false, pageLoadStrategy: normal, platformName: linux, proxy: Proxy(), se:cdp: ws://localhost:33375/devtoo..., se:cdpVersion: 144.0.7559.132, setWindowRect: true, strictFileInteractability: false, timeouts: {implicit: 0, pageLoad: 300000, script: 30000}, unhandledPromptBehavior: dismiss and notify, webauthn:extension:credBlob: true, webauthn:extension:largeBlob: true, webauthn:extension:minPinLength: true, webauthn:extension:prf: true, webauthn:virtualAuthenticators: true}
Session ID: ae83384de23cb439c647237ccaf22706
	at org.openqa.selenium.support.ui.WebDriverWait.timeoutException(WebDriverWait.java:84)
	at org.openqa.selenium.support.ui.FluentWait.until(FluentWait.java:228)
	at com.utility.BrowserUtility.clickOn(BrowserUtility.java:146)
	at com.ui.pages.ConfirmAddressPage.goToShippmentPage(ConfirmAddressPage.java:17)
	at com.ui.tests.ProductCheckoutTest.checkoutTest(ProductCheckoutTest.java:24)
	at java.base/java.util.concurrent.Executors$RunnableAdapter.call(Executors.java:515)
	at java.base/java.util.concurrent.FutureTask.run(FutureTask.java:264)
	at java.base/java.util.concurrent.ThreadPoolExecutor.runWorker(ThreadPoolExecutor.java:1128)
	at java.base/java.util.concurrent.ThreadPoolExecutor$Worker.run(ThreadPoolExecutor.java:628)
	at java.base/java.lang.Thread.run(Thread.java:829)
... Removed 13 stack frames
</div> <!-- stack-trace -->
                  <em>
(Verify if the logged in User is able to buy a dress)                  </em>
                </div> <!-- method-content -->
              </div> <!-- method -->
            </div> <!-- main-panel-content rounded-window-bottom -->
          </div> <!-- suite-Automation_Practice_Test_Suite-class-failed -->
          <div class="suite-Automation_Practice_Test_Suite-class-failed">
            <div class="main-panel-header rounded-window-top">
              <img src="failed.png"/>
              <span class="class-name">com.ui.tests.AddNewFirstAddressTest</span>
            </div> <!-- main-panel-header rounded-window-top -->
            <div class="main-panel-content rounded-window-bottom">
              <div class="method">
                <div class="method-content">
                  <a name="addNewAddress">
                  </a> <!-- addNewAddress -->
                  <span class="method-name">addNewAddress</span>
                  <div class="stack-trace">org.openqa.selenium.NoSuchElementException: Cannot locate option with text: New Hampshire
For documentation on this error, please visit: https://www.selenium.dev/documentation/webdriver/troubleshooting/errors#no-such-element-exception
Build info: version: &apos;4.35.0&apos;, revision: &apos;1c58e5028b&apos;
System info: os.name: &apos;Linux&apos;, os.arch: &apos;amd64&apos;, os.version: &apos;6.14.0-1017-azure&apos;, java.version: &apos;11.0.30&apos;
Driver info: driver.version: unknown
	at org.openqa.selenium.support.ui.Select.selectByVisibleText(Select.java:167)
	at com.utility.BrowserUtility.selectFromDropDown(BrowserUtility.java:198)
	at com.ui.pages.AddressPage.saveAddress(AddressPage.java:40)
	at com.ui.tests.AddNewFirstAddressTest.addNewAddress(AddNewFirstAddressTest.java:25)
	at java.base/java.util.concurrent.Executors$RunnableAdapter.call(Executors.java:515)
	at java.base/java.util.concurrent.FutureTask.run(FutureTask.java:264)
	at java.base/java.util.concurrent.ThreadPoolExecutor.runWorker(ThreadPoolExecutor.java:1128)
	at java.base/java.util.concurrent.ThreadPoolExecutor$Worker.run(ThreadPoolExecutor.java:628)
	at java.base/java.lang.Thread.run(Thread.java:829)
... Removed 13 stack frames
</div> <!-- stack-trace -->
                </div> <!-- method-content -->
              </div> <!-- method -->
            </div> <!-- main-panel-content rounded-window-bottom -->
          </div> <!-- suite-Automation_Practice_Test_Suite-class-failed -->
          <div class="suite-Automation_Practice_Test_Suite-class-failed">
            <div class="main-panel-header rounded-window-top">
              <img src="failed.png"/>
              <span class="class-name">com.ui.tests.LoginTest</span>
            </div> <!-- main-panel-header rounded-window-top -->
            <div class="main-panel-content rounded-window-bottom">
              <div class="method">
                <div class="method-content">
                  <a name="loginCSVTest(User [emailAddress=vavic26266@ahanim.com, password=password])">
                  </a> <!-- loginCSVTest(User [emailAddress=vavic26266@ahanim.com, password=password]) -->
                  <span class="method-name">loginCSVTest</span>
                  <span class="parameters">(User [emailAddress=vavic26266@ahanim.com, password=password])</span>
                  <div class="stack-trace">java.lang.AssertionError: expected [Karan Sagale] but found [Vavic Test]
	at com.ui.tests.LoginTest.loginCSVTest(LoginTest.java:29)
	at java.base/java.util.concurrent.Executors$RunnableAdapter.call(Executors.java:515)
	at java.base/java.util.concurrent.FutureTask.run(FutureTask.java:264)
	at java.base/java.util.concurrent.ThreadPoolExecutor.runWorker(ThreadPoolExecutor.java:1128)
	at java.base/java.util.concurrent.ThreadPoolExecutor$Worker.run(ThreadPoolExecutor.java:628)
	at java.base/java.lang.Thread.run(Thread.java:829)
... Removed 19 stack frames
</div> <!-- stack-trace -->
                  <em>
(Verifies with the valid user is able to login into the application)                  </em>
                </div> <!-- method-content -->
              </div> <!-- method -->
              <div class="method">
                <div class="method-content">
                  <a name="loginCSVTest(User [emailAddress=uday@gmail.com, password=pass4321])">
                  </a> <!-- loginCSVTest(User [emailAddress=uday@gmail.com, password=pass4321]) -->
                  <span class="method-name">loginCSVTest</span>
                  <span class="parameters">(User [emailAddress=uday@gmail.com, password=pass4321])</span>
                  <div class="stack-trace">java.lang.AssertionError: expected [Karan Sagale] but found [Uday Test]
	at com.ui.tests.LoginTest.loginCSVTest(LoginTest.java:29)
	at java.base/java.util.concurrent.Executors$RunnableAdapter.call(Executors.java:515)
	at java.base/java.util.concurrent.FutureTask.run(FutureTask.java:264)
	at java.base/java.util.concurrent.ThreadPoolExecutor.runWorker(ThreadPoolExecutor.java:1128)
	at java.base/java.util.concurrent.ThreadPoolExecutor$Worker.run(ThreadPoolExecutor.java:628)
	at java.base/java.lang.Thread.run(Thread.java:829)
... Removed 19 stack frames
</div> <!-- stack-trace -->
                  <em>
(Verifies with the valid user is able to login into the application)                  </em>
                </div> <!-- method-content -->
              </div> <!-- method -->
              <div class="method">
                <div class="method-content">
                  <a name="loginExcelTest(User [emailAddress=vavic26266@ahanim.com, password=password])">
                  </a> <!-- loginExcelTest(User [emailAddress=vavic26266@ahanim.com, password=password]) -->
                  <span class="method-name">loginExcelTest</span>
                  <span class="parameters">(User [emailAddress=vavic26266@ahanim.com, password=password])</span>
                  <div class="stack-trace">java.lang.AssertionError: expected [Karan Sagale1] but found [Vavic Test]
	at com.ui.tests.LoginTest.loginExcelTest(LoginTest.java:36)
	at java.base/java.util.concurrent.Executors$RunnableAdapter.call(Executors.java:515)
	at java.base/java.util.concurrent.FutureTask.run(FutureTask.java:264)
	at java.base/java.util.concurrent.ThreadPoolExecutor.runWorker(ThreadPoolExecutor.java:1128)
	at java.base/java.util.concurrent.ThreadPoolExecutor$Worker.run(ThreadPoolExecutor.java:628)
	at java.base/java.lang.Thread.run(Thread.java:829)
... Removed 19 stack frames
</div> <!-- stack-trace -->
                  <em>
(Verifies with the valid user is able to login into the application)                  </em>
                </div> <!-- method-content -->
              </div> <!-- method -->
              <div class="method">
                <div class="method-content">
                  <a name="loginTest(User [emailAddress=vavic26266@ahanim.com, password=password])">
                  </a> <!-- loginTest(User [emailAddress=vavic26266@ahanim.com, password=password]) -->
                  <span class="method-name">loginTest</span>
                  <span class="parameters">(User [emailAddress=vavic26266@ahanim.com, password=password])</span>
                  <div class="stack-trace">java.lang.AssertionError: expected [Karan Sagale] but found [Vavic Test]
	at com.ui.tests.LoginTest.loginTest(LoginTest.java:21)
	at java.base/java.util.concurrent.Executors$RunnableAdapter.call(Executors.java:515)
	at java.base/java.util.concurrent.FutureTask.run(FutureTask.java:264)
	at java.base/java.util.concurrent.ThreadPoolExecutor.runWorker(ThreadPoolExecutor.java:1128)
	at java.base/java.util.concurrent.ThreadPoolExecutor$Worker.run(ThreadPoolExecutor.java:628)
	at java.base/java.lang.Thread.run(Thread.java:829)
... Removed 19 stack frames
</div> <!-- stack-trace -->
                  <em>
(Verifies with the valid user is able to login into the application)                  </em>
                </div> <!-- method-content -->
              </div> <!-- method -->
            </div> <!-- main-panel-content rounded-window-bottom -->
          </div> <!-- suite-Automation_Practice_Test_Suite-class-failed -->
          <div class="suite-Automation_Practice_Test_Suite-class-skipped">
            <div class="main-panel-header rounded-window-top">
              <img src="skipped.png"/>
              <span class="class-name">com.ui.tests.LoginTest</span>
            </div> <!-- main-panel-header rounded-window-top -->
            <div class="main-panel-content rounded-window-bottom">
              <div class="method">
                <div class="method-content">
                  <a name="loginExcelTest(User [emailAddress=vavic26266@ahanim.com, password=password])">
                  </a> <!-- loginExcelTest(User [emailAddress=vavic26266@ahanim.com, password=password]) -->
                  <span class="method-name">loginExcelTest</span>
                  <span class="parameters">(User [emailAddress=vavic26266@ahanim.com, password=password])</span>
                  <div class="stack-trace">java.lang.AssertionError: expected [Karan Sagale1] but found [Vavic Test]
	at com.ui.tests.LoginTest.loginExcelTest(LoginTest.java:36)
	at java.base/java.util.concurrent.Executors$RunnableAdapter.call(Executors.java:515)
	at java.base/java.util.concurrent.FutureTask.run(FutureTask.java:264)
	at java.base/java.util.concurrent.ThreadPoolExecutor.runWorker(ThreadPoolExecutor.java:1128)
	at java.base/java.util.concurrent.ThreadPoolExecutor$Worker.run(ThreadPoolExecutor.java:628)
	at java.base/java.lang.Thread.run(Thread.java:829)
... Removed 19 stack frames
</div> <!-- stack-trace -->
                  <em>
(Verifies with the valid user is able to login into the application)                  </em>
                </div> <!-- method-content -->
              </div> <!-- method -->
              <div class="method">
                <div class="method-content">
                  <a name="loginExcelTest(User [emailAddress=vavic26266@ahanim.com, password=password])">
                  </a> <!-- loginExcelTest(User [emailAddress=vavic26266@ahanim.com, password=password]) -->
                  <span class="method-name">loginExcelTest</span>
                  <span class="parameters">(User [emailAddress=vavic26266@ahanim.com, password=password])</span>
                  <div class="stack-trace">java.lang.AssertionError: expected [Karan Sagale1] but found [Vavic Test]
	at com.ui.tests.LoginTest.loginExcelTest(LoginTest.java:36)
	at java.base/java.util.concurrent.Executors$RunnableAdapter.call(Executors.java:515)
	at java.base/java.util.concurrent.FutureTask.run(FutureTask.java:264)
	at java.base/java.util.concurrent.ThreadPoolExecutor.runWorker(ThreadPoolExecutor.java:1128)
	at java.base/java.util.concurrent.ThreadPoolExecutor$Worker.run(ThreadPoolExecutor.java:628)
	at java.base/java.lang.Thread.run(Thread.java:829)
... Removed 19 stack frames
</div> <!-- stack-trace -->
                  <em>
(Verifies with the valid user is able to login into the application)                  </em>
                </div> <!-- method-content -->
              </div> <!-- method -->
              <div class="method">
                <div class="method-content">
                  <a name="loginExcelTest(User [emailAddress=vavic26266@ahanim.com, password=password])">
                  </a> <!-- loginExcelTest(User [emailAddress=vavic26266@ahanim.com, password=password]) -->
                  <span class="method-name">loginExcelTest</span>
                  <span class="parameters">(User [emailAddress=vavic26266@ahanim.com, password=password])</span>
                  <div class="stack-trace">java.lang.AssertionError: expected [Karan Sagale1] but found [Vavic Test]
	at com.ui.tests.LoginTest.loginExcelTest(LoginTest.java:36)
	at java.base/java.util.concurrent.Executors$RunnableAdapter.call(Executors.java:515)
	at java.base/java.util.concurrent.FutureTask.run(FutureTask.java:264)
	at java.base/java.util.concurrent.ThreadPoolExecutor.runWorker(ThreadPoolExecutor.java:1128)
	at java.base/java.util.concurrent.ThreadPoolExecutor$Worker.run(ThreadPoolExecutor.java:628)
	at java.base/java.lang.Thread.run(Thread.java:829)
... Removed 19 stack frames
</div> <!-- stack-trace -->
                  <em>
(Verifies with the valid user is able to login into the application)                  </em>
                </div> <!-- method-content -->
              </div> <!-- method -->
            </div> <!-- main-panel-content rounded-window-bottom -->
          </div> <!-- suite-Automation_Practice_Test_Suite-class-skipped -->
          <div class="suite-Automation_Practice_Test_Suite-class-passed">
            <div class="main-panel-header rounded-window-top">
              <img src="passed.png"/>
              <span class="class-name">com.ui.tests.InvalidCredLoginTest</span>
            </div> <!-- main-panel-header rounded-window-top -->
            <div class="main-panel-content rounded-window-bottom">
              <div class="method">
                <div class="method-content">
                  <a name="loginTest">
                  </a> <!-- loginTest -->
                  <span class="method-name">loginTest</span>
                  <em>
(Verify if the proper error message is shown for the user when they enter invalid credentials)                  </em>
                </div> <!-- method-content -->
              </div> <!-- method -->
            </div> <!-- main-panel-content rounded-window-bottom -->
          </div> <!-- suite-Automation_Practice_Test_Suite-class-passed -->
          <div class="suite-Automation_Practice_Test_Suite-class-passed">
            <div class="main-panel-header rounded-window-top">
              <img src="passed.png"/>
              <span class="class-name">com.ui.tests.LoginTest</span>
            </div> <!-- main-panel-header rounded-window-top -->
            <div class="main-panel-content rounded-window-bottom">
              <div class="method">
                <div class="method-content">
                  <a name="loginCSVTest(User [emailAddress=karan@gmail.com, password=pass1234])">
                  </a> <!-- loginCSVTest(User [emailAddress=karan@gmail.com, password=pass1234]) -->
                  <span class="method-name">loginCSVTest</span>
                  <span class="parameters">(User [emailAddress=karan@gmail.com, password=pass1234])</span>
                  <em>
(Verifies with the valid user is able to login into the application)                  </em>
                </div> <!-- method-content -->
              </div> <!-- method -->
              <div class="method">
                <div class="method-content">
                  <a name="loginTest(User [emailAddress=karan@gmail.com, password=pass1234])">
                  </a> <!-- loginTest(User [emailAddress=karan@gmail.com, password=pass1234]) -->
                  <span class="method-name">loginTest</span>
                  <span class="parameters">(User [emailAddress=karan@gmail.com, password=pass1234])</span>
                  <em>
(Verifies with the valid user is able to login into the application)                  </em>
                </div> <!-- method-content -->
              </div> <!-- method -->
            </div> <!-- main-panel-content rounded-window-bottom -->
          </div> <!-- suite-Automation_Practice_Test_Suite-class-passed -->
        </div> <!-- panel Automation_Practice_Test_Suite -->
        <div panel-name="test-xml-Automation_Practice_Test_Suite" class="panel">
          <div class="main-panel-header rounded-window-top">
            <span class="header-content">/home/runner/work/Test-Automation-Framework/Test-Automation-Framework/testng.xml</span>
          </div> <!-- main-panel-header rounded-window-top -->
          <div class="main-panel-content rounded-window-bottom">
            <pre>
&lt;?xml version=&quot;1.0&quot; encoding=&quot;UTF-8&quot;?&gt;
&lt;!DOCTYPE suite SYSTEM &quot;https://testng.org/testng-1.0.dtd&quot;&gt;
&lt;suite thread-count=&quot;8&quot; parallel=&quot;methods&quot; name=&quot;Automation Practice Test Suite&quot; guice-stage=&quot;DEVELOPMENT&quot; verbose=&quot;0&quot;&gt;
  &lt;test thread-count=&quot;8&quot; parallel=&quot;methods&quot; name=&quot;UI Automation Test&quot; verbose=&quot;0&quot;&gt;
    &lt;parameter name=&quot;isHeadless&quot; value=&quot;true&quot;/&gt;
    &lt;parameter name=&quot;browser&quot; value=&quot;chrome&quot;/&gt;
    &lt;parameter name=&quot;isLambdaTest&quot; value=&quot;false&quot;/&gt;
    &lt;classes&gt;
      &lt;class name=&quot;com.ui.tests.LoginTest&quot;/&gt;
      &lt;class name=&quot;com.ui.tests.InvalidCredLoginTest&quot;/&gt;
      &lt;class name=&quot;com.ui.tests.AddNewFirstAddressTest&quot;/&gt;
      &lt;class name=&quot;com.ui.tests.SearchProductTest&quot;/&gt;
      &lt;class name=&quot;com.ui.tests.ProductCheckoutTest&quot;/&gt;
    &lt;/classes&gt;
  &lt;/test&gt; &lt;!-- UI Automation Test --&gt;
&lt;/suite&gt; &lt;!-- Automation Practice Test Suite --&gt;
            </pre>
          </div> <!-- main-panel-content rounded-window-bottom -->
        </div> <!-- panel -->
        <div panel-name="testlist-Automation_Practice_Test_Suite" class="panel">
          <div class="main-panel-header rounded-window-top">
            <span class="header-content">Tests for Automation Practice Test Suite</span>
          </div> <!-- main-panel-header rounded-window-top -->
          <div class="main-panel-content rounded-window-bottom">
            <ul>
              <li>
                <span class="test-name">UI Automation Test (5 classes)</span>
              </li>
            </ul>
          </div> <!-- main-panel-content rounded-window-bottom -->
        </div> <!-- panel -->
        <div panel-name="group-Automation_Practice_Test_Suite" class="panel">
          <div class="main-panel-header rounded-window-top">
            <span class="header-content">Groups for Automation Practice Test Suite</span>
          </div> <!-- main-panel-header rounded-window-top -->
          <div class="main-panel-content rounded-window-bottom">
            <div class="test-group">
              <span class="test-group-name">e2e</span>
              <br/>
              <div class="method-in-group">
                <span class="method-in-group-name">checkoutTest</span>
                <br/>
              </div> <!-- method-in-group -->
              <div class="method-in-group">
                <span class="method-in-group-name">loginCSVTest</span>
                <br/>
              </div> <!-- method-in-group -->
              <div class="method-in-group">
                <span class="method-in-group-name">loginExcelTest</span>
                <br/>
              </div> <!-- method-in-group -->
              <div class="method-in-group">
                <span class="method-in-group-name">loginTest</span>
                <br/>
              </div> <!-- method-in-group -->
              <div class="method-in-group">
                <span class="method-in-group-name">verifyProductSearchTest</span>
                <br/>
              </div> <!-- method-in-group -->
            </div> <!-- test-group -->
            <div class="test-group">
              <span class="test-group-name">sanity</span>
              <br/>
              <div class="method-in-group">
                <span class="method-in-group-name">checkoutTest</span>
                <br/>
              </div> <!-- method-in-group -->
              <div class="method-in-group">
                <span class="method-in-group-name">loginCSVTest</span>
                <br/>
              </div> <!-- method-in-group -->
              <div class="method-in-group">
                <span class="method-in-group-name">loginExcelTest</span>
                <br/>
              </div> <!-- method-in-group -->
              <div class="method-in-group">
                <span class="method-in-group-name">loginTest</span>
                <br/>
              </div> <!-- method-in-group -->
              <div class="method-in-group">
                <span class="method-in-group-name">verifyProductSearchTest</span>
                <br/>
              </div> <!-- method-in-group -->
            </div> <!-- test-group -->
            <div class="test-group">
              <span class="test-group-name">smoke</span>
              <br/>
              <div class="method-in-group">
                <span class="method-in-group-name">checkoutTest</span>
                <br/>
              </div> <!-- method-in-group -->
              <div class="method-in-group">
                <span class="method-in-group-name">loginTest</span>
                <br/>
              </div> <!-- method-in-group -->
              <div class="method-in-group">
                <span class="method-in-group-name">verifyProductSearchTest</span>
                <br/>
              </div> <!-- method-in-group -->
            </div> <!-- test-group -->
          </div> <!-- main-panel-content rounded-window-bottom -->
        </div> <!-- panel -->
        <div panel-name="times-Automation_Practice_Test_Suite" class="panel">
          <div class="main-panel-header rounded-window-top">
            <span class="header-content">Times for Automation Practice Test Suite</span>
          </div> <!-- main-panel-header rounded-window-top -->
          <div class="main-panel-content rounded-window-bottom">
            <div class="times-div">
              <script type="text/javascript">
suiteTableInitFunctions.push('tableData_Automation_Practice_Test_Suite');
function tableData_Automation_Practice_Test_Suite() {
var data = new google.visualization.DataTable();
data.addColumn('number', 'Number');
data.addColumn('string', 'Method');
data.addColumn('string', 'Class');
data.addColumn('number', 'Time (ms)');
data.addRows(13);
data.setCell(0, 0, 0)
data.setCell(0, 1, 'checkoutTest')
data.setCell(0, 2, 'com.ui.tests.ProductCheckoutTest')
data.setCell(0, 3, 35192);
data.setCell(1, 0, 1)
data.setCell(1, 1, 'loginExcelTest')
data.setCell(1, 2, 'com.ui.tests.LoginTest')
data.setCell(1, 3, 3548);
data.setCell(2, 0, 2)
data.setCell(2, 1, 'loginTest')
data.setCell(2, 2, 'com.ui.tests.LoginTest')
data.setCell(2, 3, 3123);
data.setCell(3, 0, 3)
data.setCell(3, 1, 'loginCSVTest')
data.setCell(3, 2, 'com.ui.tests.LoginTest')
data.setCell(3, 3, 3086);
data.setCell(4, 0, 4)
data.setCell(4, 1, 'loginTest')
data.setCell(4, 2, 'com.ui.tests.InvalidCredLoginTest')
data.setCell(4, 3, 2448);
data.setCell(5, 0, 5)
data.setCell(5, 1, 'loginCSVTest')
data.setCell(5, 2, 'com.ui.tests.LoginTest')
data.setCell(5, 3, 2187);
data.setCell(6, 0, 6)
data.setCell(6, 1, 'loginExcelTest')
data.setCell(6, 2, 'com.ui.tests.LoginTest')
data.setCell(6, 3, 2178);
data.setCell(7, 0, 7)
data.setCell(7, 1, 'addNewAddress')
data.setCell(7, 2, 'com.ui.tests.AddNewFirstAddressTest')
data.setCell(7, 3, 2156);
data.setCell(8, 0, 8)
data.setCell(8, 1, 'loginCSVTest')
data.setCell(8, 2, 'com.ui.tests.LoginTest')
data.setCell(8, 3, 2078);
data.setCell(9, 0, 9)
data.setCell(9, 1, 'loginExcelTest')
data.setCell(9, 2, 'com.ui.tests.LoginTest')
data.setCell(9, 3, 2071);
data.setCell(10, 0, 10)
data.setCell(10, 1, 'loginTest')
data.setCell(10, 2, 'com.ui.tests.LoginTest')
data.setCell(10, 3, 2025);
data.setCell(11, 0, 11)
data.setCell(11, 1, 'loginExcelTest')
data.setCell(11, 2, 'com.ui.tests.LoginTest')
data.setCell(11, 3, 1949);
data.setCell(12, 0, 12)
data.setCell(12, 1, 'verifyProductSearchTest')
data.setCell(12, 2, 'com.ui.tests.SearchProductTest')
data.setCell(12, 3, 1232);
window.suiteTableData['Automation_Practice_Test_Suite']= { tableData: data, tableDiv: 'times-div-Automation_Practice_Test_Suite'}
return data;
}
              </script>
              <span class="suite-total-time">Total running time: 1 minutes</span>
              <div id="times-div-Automation_Practice_Test_Suite">
              </div> <!-- times-div-Automation_Practice_Test_Suite -->
            </div> <!-- times-div -->
          </div> <!-- main-panel-content rounded-window-bottom -->
        </div> <!-- panel -->
        <div panel-name="reporter-Automation_Practice_Test_Suite" class="panel">
          <div class="main-panel-header rounded-window-top">
            <span class="header-content">Reporter output for Automation Practice Test Suite</span>
          </div> <!-- main-panel-header rounded-window-top -->
          <div class="main-panel-content rounded-window-bottom">
          </div> <!-- main-panel-content rounded-window-bottom -->
        </div> <!-- panel -->
        <div panel-name="ignored-methods-Automation_Practice_Test_Suite" class="panel">
          <div class="main-panel-header rounded-window-top">
            <span class="header-content">0 ignored methods</span>
          </div> <!-- main-panel-header rounded-window-top -->
          <div class="main-panel-content rounded-window-bottom">
          </div> <!-- main-panel-content rounded-window-bottom -->
        </div> <!-- panel -->
        <div panel-name="chronological-Automation_Practice_Test_Suite" class="panel">
          <div class="main-panel-header rounded-window-top">
            <span class="header-content">Methods in chronological order</span>
          </div> <!-- main-panel-header rounded-window-top -->
          <div class="main-panel-content rounded-window-bottom">
            <div class="chronological-class">
              <div class="chronological-class-name">com.ui.tests.ProductCheckoutTest</div> <!-- chronological-class-name -->
              <div class="configuration-method before">
                <span class="method-name">setup(chrome, false, true, [TestResult name={null} status=CREATED method=ProductCheckoutTest.checkoutTest(...)</span>
                <span class="method-start">0 ms</span>
              </div> <!-- configuration-method before -->
            </div> <!-- chronological-class -->
            <div class="chronological-class">
              <div class="chronological-class-name">com.ui.tests.AddNewFirstAddressTest</div> <!-- chronological-class-name -->
              <div class="configuration-method before">
                <span class="method-name">setup(chrome, false, true, [TestResult name={null} status=CREATED method=AddNewFirstAddressTest.addNewAddr...)</span>
                <span class="method-start">1 ms</span>
              </div> <!-- configuration-method before -->
            </div> <!-- chronological-class -->
            <div class="chronological-class">
              <div class="chronological-class-name">com.ui.tests.InvalidCredLoginTest</div> <!-- chronological-class-name -->
              <div class="configuration-method before">
                <span class="method-name">setup(chrome, false, true, [TestResult name={null} status=CREATED method=InvalidCredLoginTest.loginTest()[...)</span>
                <span class="method-start">2 ms</span>
              </div> <!-- configuration-method before -->
            </div> <!-- chronological-class -->
            <div class="chronological-class">
              <div class="chronological-class-name">com.ui.tests.SearchProductTest</div> <!-- chronological-class-name -->
              <div class="configuration-method before">
                <span class="method-name">setup(chrome, false, true, [TestResult name={null} status=CREATED method=SearchProductTest.verifyProductSe...)</span>
                <span class="method-start">5 ms</span>
              </div> <!-- configuration-method before -->
            </div> <!-- chronological-class -->
            <div class="chronological-class">
              <div class="chronological-class-name">com.ui.tests.LoginTest</div> <!-- chronological-class-name -->
              <div class="configuration-method before">
                <span class="method-name">setup(chrome, false, true, [TestResult name={null} status=CREATED method=LoginTest.loginCSVTest(com.ui.poj...)</span>
                <span class="method-start">21 ms</span>
              </div> <!-- configuration-method before -->
              <div class="configuration-method before">
                <span class="method-name">setup(chrome, false, true, [TestResult name={null} status=CREATED method=LoginTest.loginTest(com.ui.pojo.U...)</span>
                <span class="method-start">87 ms</span>
              </div> <!-- configuration-method before -->
              <div class="configuration-method before">
                <span class="method-name">setup(chrome, false, true, [TestResult name={null} status=CREATED method=LoginTest.loginExcelTest(com.ui.p...)</span>
                <span class="method-start">1079 ms</span>
              </div> <!-- configuration-method before -->
            </div> <!-- chronological-class -->
            <div class="chronological-class">
              <div class="chronological-class-name">com.ui.tests.InvalidCredLoginTest</div> <!-- chronological-class-name -->
              <div class="test-method">
                <span class="method-name">loginTest</span>
                <span class="method-start">15417 ms</span>
              </div> <!-- test-method -->
            </div> <!-- chronological-class -->
            <div class="chronological-class">
              <div class="chronological-class-name">com.ui.tests.AddNewFirstAddressTest</div> <!-- chronological-class-name -->
              <div class="configuration-method before">
                <span class="method-name">setup</span>
                <span class="method-start">16627 ms</span>
              </div> <!-- configuration-method before -->
            </div> <!-- chronological-class -->
            <div class="chronological-class">
              <div class="chronological-class-name">com.ui.tests.ProductCheckoutTest</div> <!-- chronological-class-name -->
              <div class="configuration-method before">
                <span class="method-name">setup</span>
                <span class="method-start">17138 ms</span>
              </div> <!-- configuration-method before -->
            </div> <!-- chronological-class -->
            <div class="chronological-class">
              <div class="chronological-class-name">com.ui.tests.InvalidCredLoginTest</div> <!-- chronological-class-name -->
              <div class="configuration-method after">
                <span class="method-name">tearDown</span>
                <span class="method-start">17872 ms</span>
              </div> <!-- configuration-method after -->
            </div> <!-- chronological-class -->
            <div class="chronological-class">
              <div class="chronological-class-name">com.ui.tests.SearchProductTest</div> <!-- chronological-class-name -->
              <div class="configuration-method before">
                <span class="method-name">setup</span>
                <span class="method-start">17919 ms</span>
              </div> <!-- configuration-method before -->
            </div> <!-- chronological-class -->
            <div class="chronological-class">
              <div class="chronological-class-name">com.ui.tests.LoginTest</div> <!-- chronological-class-name -->
              <div class="test-method">
                <span class="method-name">loginExcelTest(User [emailAddress=vavic26266@ahanim.com, password=password])</span>
                <span class="method-start">18166 ms</span>
              </div> <!-- test-method -->
              <div class="test-method">
                <span class="method-name">loginTest(User [emailAddress=karan@gmail.com, password=pass1234])</span>
                <span class="method-start">18205 ms</span>
              </div> <!-- test-method -->
              <div class="test-method">
                <span class="method-name">loginCSVTest(User [emailAddress=karan@gmail.com, password=pass1234])</span>
                <span class="method-start">18682 ms</span>
              </div> <!-- test-method -->
            </div> <!-- chronological-class -->
            <div class="chronological-class">
              <div class="chronological-class-name">com.ui.tests.SearchProductTest</div> <!-- chronological-class-name -->
              <div class="test-method">
                <img src="failed.png">
                </img>
                <span class="method-name">verifyProductSearchTest</span>
                <span class="method-start">20561 ms</span>
              </div> <!-- test-method -->
            </div> <!-- chronological-class -->
            <div class="chronological-class">
              <div class="chronological-class-name">com.ui.tests.ProductCheckoutTest</div> <!-- chronological-class-name -->
              <div class="test-method">
                <img src="failed.png">
                </img>
                <span class="method-name">checkoutTest</span>
                <span class="method-start">20734 ms</span>
              </div> <!-- test-method -->
            </div> <!-- chronological-class -->
            <div class="chronological-class">
              <div class="chronological-class-name">com.ui.tests.LoginTest</div> <!-- chronological-class-name -->
              <div class="configuration-method after">
                <span class="method-name">tearDown</span>
                <span class="method-start">21329 ms</span>
              </div> <!-- configuration-method after -->
              <div class="configuration-method before">
                <span class="method-name">setup(chrome, false, true, [TestResult name={null} status=CREATED method=LoginTest.loginTest(com.ui.pojo.U...)</span>
                <span class="method-start">21552 ms</span>
              </div> <!-- configuration-method before -->
              <div class="configuration-method after">
                <span class="method-name">tearDown</span>
                <span class="method-start">21724 ms</span>
              </div> <!-- configuration-method after -->
              <div class="configuration-method after">
                <span class="method-name">tearDown</span>
                <span class="method-start">21769 ms</span>
              </div> <!-- configuration-method after -->
              <div class="configuration-method before">
                <span class="method-name">setup(chrome, false, true, [TestResult name={null} status=CREATED method=LoginTest.loginCSVTest(com.ui.poj...)</span>
                <span class="method-start">21954 ms</span>
              </div> <!-- configuration-method before -->
              <div class="configuration-method before">
                <span class="method-name">setup(chrome, false, true, [TestResult name={null} status=CREATED method=LoginTest.loginExcelTest(com.ui.p...)</span>
                <span class="method-start">21954 ms</span>
              </div> <!-- configuration-method before -->
            </div> <!-- chronological-class -->
            <div class="chronological-class">
              <div class="chronological-class-name">com.ui.tests.SearchProductTest</div> <!-- chronological-class-name -->
              <div class="configuration-method after">
                <span class="method-name">tearDown</span>
                <span class="method-start">22232 ms</span>
              </div> <!-- configuration-method after -->
            </div> <!-- chronological-class -->
            <div class="chronological-class">
              <div class="chronological-class-name">com.ui.tests.AddNewFirstAddressTest</div> <!-- chronological-class-name -->
              <div class="test-method">
                <img src="failed.png">
                </img>
                <span class="method-name">addNewAddress</span>
                <span class="method-start">22674 ms</span>
              </div> <!-- test-method -->
              <div class="configuration-method after">
                <span class="method-name">tearDown</span>
                <span class="method-start">24968 ms</span>
              </div> <!-- configuration-method after -->
            </div> <!-- chronological-class -->
            <div class="chronological-class">
              <div class="chronological-class-name">com.ui.tests.LoginTest</div> <!-- chronological-class-name -->
              <div class="test-method">
                <img src="failed.png">
                </img>
                <span class="method-name">loginTest(User [emailAddress=vavic26266@ahanim.com, password=password])</span>
                <span class="method-start">27293 ms</span>
              </div> <!-- test-method -->
              <div class="test-method">
                <span class="method-name">loginExcelTest(User [emailAddress=vavic26266@ahanim.com, password=password])</span>
                <span class="method-start">27700 ms</span>
              </div> <!-- test-method -->
              <div class="test-method">
                <img src="failed.png">
                </img>
                <span class="method-name">loginCSVTest(User [emailAddress=vavic26266@ahanim.com, password=password])</span>
                <span class="method-start">27760 ms</span>
              </div> <!-- test-method -->
              <div class="configuration-method after">
                <span class="method-name">tearDown</span>
                <span class="method-start">29425 ms</span>
              </div> <!-- configuration-method after -->
              <div class="configuration-method after">
                <span class="method-name">tearDown</span>
                <span class="method-start">29879 ms</span>
              </div> <!-- configuration-method after -->
              <div class="configuration-method before">
                <span class="method-name">setup(chrome, false, true, [TestResult name={null} status=CREATED method=LoginTest.loginExcelTest(com.ui.p...)</span>
                <span class="method-start">29975 ms</span>
              </div> <!-- configuration-method before -->
              <div class="configuration-method after">
                <span class="method-name">tearDown</span>
                <span class="method-start">30048 ms</span>
              </div> <!-- configuration-method after -->
              <div class="configuration-method before">
                <span class="method-name">setup(chrome, false, true, [TestResult name={null} status=CREATED method=LoginTest.loginCSVTest(com.ui.poj...)</span>
                <span class="method-start">30132 ms</span>
              </div> <!-- configuration-method before -->
              <div class="test-method">
                <span class="method-name">loginExcelTest(User [emailAddress=vavic26266@ahanim.com, password=password])</span>
                <span class="method-start">35002 ms</span>
              </div> <!-- test-method -->
              <div class="test-method">
                <img src="failed.png">
                </img>
                <span class="method-name">loginCSVTest(User [emailAddress=uday@gmail.com, password=pass4321])</span>
                <span class="method-start">35135 ms</span>
              </div> <!-- test-method -->
              <div class="configuration-method after">
                <span class="method-name">tearDown</span>
                <span class="method-start">37074 ms</span>
              </div> <!-- configuration-method after -->
              <div class="configuration-method before">
                <span class="method-name">setup(chrome, false, true, [TestResult name={null} status=CREATED method=LoginTest.loginExcelTest(com.ui.p...)</span>
                <span class="method-start">37151 ms</span>
              </div> <!-- configuration-method before -->
              <div class="configuration-method after">
                <span class="method-name">tearDown</span>
                <span class="method-start">37324 ms</span>
              </div> <!-- configuration-method after -->
              <div class="test-method">
                <img src="failed.png">
                </img>
                <span class="method-name">loginExcelTest(User [emailAddress=vavic26266@ahanim.com, password=password])</span>
                <span class="method-start">42012 ms</span>
              </div> <!-- test-method -->
              <div class="configuration-method after">
                <span class="method-name">tearDown</span>
                <span class="method-start">44062 ms</span>
              </div> <!-- configuration-method after -->
            </div> <!-- chronological-class -->
            <div class="chronological-class">
              <div class="chronological-class-name">com.ui.tests.ProductCheckoutTest</div> <!-- chronological-class-name -->
              <div class="configuration-method after">
                <span class="method-name">tearDown</span>
                <span class="method-start">56206 ms</span>
              </div> <!-- configuration-method after -->
          </div> <!-- main-panel-content rounded-window-bottom -->
        </div> <!-- panel -->
      </div> <!-- main-panel-root -->
    </div> <!-- wrapper -->
  </body>
<script type="text/javascript" src="testng-reports2.js"></script>
</html>
