<?xml version="1.0" encoding="UTF-8"?>
<testsuite xmlns:xsi="http://www.w3.org/2001/XMLSchema-instance" xsi:noNamespaceSchemaLocation="https://maven.apache.org/surefire/maven-surefire-plugin/xsd/surefire-test-report.xsd" version="3.0.2" name="TestSuite" time="58.351" tests="13" errors="0" skipped="3" failures="7">
  <properties>
    <property name="awt.toolkit" value="sun.awt.X11.XToolkit"/>
    <property name="isHeadless" value="true"/>
    <property name="java.specification.version" value="11"/>
    <property name="sun.cpu.isalist" value=""/>
    <property name="sun.jnu.encoding" value="UTF-8"/>
    <property name="java.class.path" value="/home/runner/work/Test-Automation-Framework/Test-Automation-Framework/target/test-classes:/home/runner/work/Test-Automation-Framework/Test-Automation-Framework/target/classes:/home/runner/.m2/repository/org/seleniumhq/selenium/selenium-java/4.35.0/selenium-java-4.35.0.jar:/home/runner/.m2/repository/org/seleniumhq/selenium/selenium-api/4.35.0/selenium-api-4.35.0.jar:/home/runner/.m2/repository/org/jspecify/jspecify/1.0.0/jspecify-1.0.0.jar:/home/runner/.m2/repository/org/seleniumhq/selenium/selenium-chrome-driver/4.35.0/selenium-chrome-driver-4.35.0.jar:/home/runner/.m2/repository/com/google/auto/service/auto-service-annotations/1.1.1/auto-service-annotations-1.1.1.jar:/home/runner/.m2/repository/org/seleniumhq/selenium/selenium-chromium-driver/4.35.0/selenium-chromium-driver-4.35.0.jar:/home/runner/.m2/repository/org/seleniumhq/selenium/selenium-json/4.35.0/selenium-json-4.35.0.jar:/home/runner/.m2/repository/org/seleniumhq/selenium/selenium-manager/4.35.0/selenium-manager-4.35.0.jar:/home/runner/.m2/repository/org/seleniumhq/selenium/selenium-devtools-v137/4.35.0/selenium-devtools-v137-4.35.0.jar:/home/runner/.m2/repository/org/seleniumhq/selenium/selenium-devtools-v138/4.35.0/selenium-devtools-v138-4.35.0.jar:/home/runner/.m2/repository/org/seleniumhq/selenium/selenium-devtools-v139/4.35.0/selenium-devtools-v139-4.35.0.jar:/home/runner/.m2/repository/org/seleniumhq/selenium/selenium-edge-driver/4.35.0/selenium-edge-driver-4.35.0.jar:/home/runner/.m2/repository/org/seleniumhq/selenium/selenium-firefox-driver/4.35.0/selenium-firefox-driver-4.35.0.jar:/home/runner/.m2/repository/org/seleniumhq/selenium/selenium-http/4.35.0/selenium-http-4.35.0.jar:/home/runner/.m2/repository/org/seleniumhq/selenium/selenium-ie-driver/4.35.0/selenium-ie-driver-4.35.0.jar:/home/runner/.m2/repository/org/seleniumhq/selenium/selenium-remote-driver/4.35.0/selenium-remote-driver-4.35.0.jar:/home/runner/.m2/repository/com/google/guava/guava/33.4.8-jre/guava-33.4.8-jre.jar:/home/runner/.m2/repository/com/google/guava/failureaccess/1.0.3/failureaccess-1.0.3.jar:/home/runner/.m2/repository/com/google/guava/listenablefuture/9999.0-empty-to-avoid-conflict-with-guava/listenablefuture-9999.0-empty-to-avoid-conflict-with-guava.jar:/home/runner/.m2/repository/com/google/j2objc/j2objc-annotations/3.0.0/j2objc-annotations-3.0.0.jar:/home/runner/.m2/repository/io/opentelemetry/opentelemetry-api/1.53.0/opentelemetry-api-1.53.0.jar:/home/runner/.m2/repository/io/opentelemetry/opentelemetry-context/1.53.0/opentelemetry-context-1.53.0.jar:/home/runner/.m2/repository/io/opentelemetry/opentelemetry-common/1.53.0/opentelemetry-common-1.53.0.jar:/home/runner/.m2/repository/io/opentelemetry/opentelemetry-exporter-logging/1.53.0/opentelemetry-exporter-logging-1.53.0.jar:/home/runner/.m2/repository/io/opentelemetry/opentelemetry-sdk-common/1.53.0/opentelemetry-sdk-common-1.53.0.jar:/home/runner/.m2/repository/io/opentelemetry/opentelemetry-sdk-extension-autoconfigure-spi/1.53.0/opentelemetry-sdk-extension-autoconfigure-spi-1.53.0.jar:/home/runner/.m2/repository/io/opentelemetry/opentelemetry-sdk-extension-autoconfigure/1.53.0/opentelemetry-sdk-extension-autoconfigure-1.53.0.jar:/home/runner/.m2/repository/io/opentelemetry/opentelemetry-sdk-trace/1.53.0/opentelemetry-sdk-trace-1.53.0.jar:/home/runner/.m2/repository/io/opentelemetry/opentelemetry-sdk/1.53.0/opentelemetry-sdk-1.53.0.jar:/home/runner/.m2/repository/io/opentelemetry/opentelemetry-sdk-metrics/1.53.0/opentelemetry-sdk-metrics-1.53.0.jar:/home/runner/.m2/repository/io/opentelemetry/opentelemetry-sdk-logs/1.53.0/opentelemetry-sdk-logs-1.53.0.jar:/home/runner/.m2/repository/net/bytebuddy/byte-buddy/1.17.6/byte-buddy-1.17.6.jar:/home/runner/.m2/repository/org/seleniumhq/selenium/selenium-os/4.35.0/selenium-os-4.35.0.jar:/home/runner/.m2/repository/org/apache/commons/commons-exec/1.5.0/commons-exec-1.5.0.jar:/home/runner/.m2/repository/org/seleniumhq/selenium/selenium-safari-driver/4.35.0/selenium-safari-driver-4.35.0.jar:/home/runner/.m2/repository/org/seleniumhq/selenium/selenium-support/4.35.0/selenium-support-4.35.0.jar:/home/runner/.m2/repository/org/testng/testng/7.11.0/testng-7.11.0.jar:/home/runner/.m2/repository/org/slf4j/slf4j-api/2.0.16/slf4j-api-2.0.16.jar:/home/runner/.m2/repository/org/jcommander/jcommander/1.83/jcommander-1.83.jar:/home/runner/.m2/repository/org/webjars/jquery/3.7.1/jquery-3.7.1.jar:/home/runner/.m2/repository/com/google/code/gson/gson/2.13.1/gson-2.13.1.jar:/home/runner/.m2/repository/com/google/errorprone/error_prone_annotations/2.38.0/error_prone_annotations-2.38.0.jar:/home/runner/.m2/repository/com/opencsv/opencsv/5.12.0/opencsv-5.12.0.jar:/home/runner/.m2/repository/org/apache/commons/commons-lang3/3.18.0/commons-lang3-3.18.0.jar:/home/runner/.m2/repository/org/apache/commons/commons-text/1.13.1/commons-text-1.13.1.jar:/home/runner/.m2/repository/commons-beanutils/commons-beanutils/1.11.0/commons-beanutils-1.11.0.jar:/home/runner/.m2/repository/commons-logging/commons-logging/1.3.5/commons-logging-1.3.5.jar:/home/runner/.m2/repository/commons-collections/commons-collections/3.2.2/commons-collections-3.2.2.jar:/home/runner/.m2/repository/org/apache/commons/commons-collections4/4.5.0/commons-collections4-4.5.0.jar:/home/runner/.m2/repository/org/apache/poi/poi/5.4.1/poi-5.4.1.jar:/home/runner/.m2/repository/commons-codec/commons-codec/1.18.0/commons-codec-1.18.0.jar:/home/runner/.m2/repository/org/apache/commons/commons-math3/3.6.1/commons-math3-3.6.1.jar:/home/runner/.m2/repository/commons-io/commons-io/2.18.0/commons-io-2.18.0.jar:/home/runner/.m2/repository/com/zaxxer/SparseBitSet/1.3/SparseBitSet-1.3.jar:/home/runner/.m2/repository/org/apache/poi/poi-ooxml/5.4.1/poi-ooxml-5.4.1.jar:/home/runner/.m2/repository/org/apache/poi/poi-ooxml-lite/5.4.1/poi-ooxml-lite-5.4.1.jar:/home/runner/.m2/repository/org/apache/xmlbeans/xmlbeans/5.3.0/xmlbeans-5.3.0.jar:/home/runner/.m2/repository/org/apache/commons/commons-compress/1.27.1/commons-compress-1.27.1.jar:/home/runner/.m2/repository/com/github/virtuald/curvesapi/1.08/curvesapi-1.08.jar:/home/runner/.m2/repository/org/apache/logging/log4j/log4j-core/2.25.1/log4j-core-2.25.1.jar:/home/runner/.m2/repository/org/apache/logging/log4j/log4j-api/2.25.1/log4j-api-2.25.1.jar:/home/runner/.m2/repository/com/aventstack/extentreports/5.1.2/extentreports-5.1.2.jar:/home/runner/.m2/repository/io/reactivex/rxjava3/rxjava/3.1.6/rxjava-3.1.6.jar:/home/runner/.m2/repository/org/reactivestreams/reactive-streams/1.0.4/reactive-streams-1.0.4.jar:/home/runner/.m2/repository/org/freemarker/freemarker/2.3.32/freemarker-2.3.32.jar:/home/runner/.m2/repository/org/projectlombok/lombok/1.18.26/lombok-1.18.26.jar:/home/runner/.m2/repository/com/github/javafaker/javafaker/1.0.2/javafaker-1.0.2.jar:/home/runner/.m2/repository/org/yaml/snakeyaml/1.23/snakeyaml-1.23-android.jar:/home/runner/.m2/repository/com/github/mifmif/generex/1.0.2/generex-1.0.2.jar:/home/runner/.m2/repository/dk/brics/automaton/automaton/1.11-8/automaton-1.11-8.jar:"/>
    <property name="java.vm.vendor" value="Eclipse Adoptium"/>
    <property name="sun.arch.data.model" value="64"/>
    <property name="java.vendor.url" value="https://adoptium.net/"/>
    <property name="user.timezone" value="Etc/UTC"/>
    <property name="java.vm.specification.version" value="11"/>
    <property name="os.name" value="Linux"/>
    <property name="sun.java.launcher" value="SUN_STANDARD"/>
    <property name="sun.boot.library.path" value="/usr/lib/jvm/temurin-11-jdk-amd64/lib"/>
    <property name="sun.java.command" value="/home/runner/work/Test-Automation-Framework/Test-Automation-Framework/target/surefire/surefirebooter-20260213165635831_3.jar /home/runner/work/Test-Automation-Framework/Test-Automation-Framework/target/surefire 2026-02-13T16-56-35_576-jvmRun1 surefire-20260213165635831_1tmp surefire_0-20260213165635831_2tmp"/>
    <property name="jdk.debug" value="release"/>
    <property name="surefire.test.class.path" value="/home/runner/work/Test-Automation-Framework/Test-Automation-Framework/target/test-classes:/home/runner/work/Test-Automation-Framework/Test-Automation-Framework/target/classes:/home/runner/.m2/repository/org/seleniumhq/selenium/selenium-java/4.35.0/selenium-java-4.35.0.jar:/home/runner/.m2/repository/org/seleniumhq/selenium/selenium-api/4.35.0/selenium-api-4.35.0.jar:/home/runner/.m2/repository/org/jspecify/jspecify/1.0.0/jspecify-1.0.0.jar:/home/runner/.m2/repository/org/seleniumhq/selenium/selenium-chrome-driver/4.35.0/selenium-chrome-driver-4.35.0.jar:/home/runner/.m2/repository/com/google/auto/service/auto-service-annotations/1.1.1/auto-service-annotations-1.1.1.jar:/home/runner/.m2/repository/org/seleniumhq/selenium/selenium-chromium-driver/4.35.0/selenium-chromium-driver-4.35.0.jar:/home/runner/.m2/repository/org/seleniumhq/selenium/selenium-json/4.35.0/selenium-json-4.35.0.jar:/home/runner/.m2/repository/org/seleniumhq/selenium/selenium-manager/4.35.0/selenium-manager-4.35.0.jar:/home/runner/.m2/repository/org/seleniumhq/selenium/selenium-devtools-v137/4.35.0/selenium-devtools-v137-4.35.0.jar:/home/runner/.m2/repository/org/seleniumhq/selenium/selenium-devtools-v138/4.35.0/selenium-devtools-v138-4.35.0.jar:/home/runner/.m2/repository/org/seleniumhq/selenium/selenium-devtools-v139/4.35.0/selenium-devtools-v139-4.35.0.jar:/home/runner/.m2/repository/org/seleniumhq/selenium/selenium-edge-driver/4.35.0/selenium-edge-driver-4.35.0.jar:/home/runner/.m2/repository/org/seleniumhq/selenium/selenium-firefox-driver/4.35.0/selenium-firefox-driver-4.35.0.jar:/home/runner/.m2/repository/org/seleniumhq/selenium/selenium-http/4.35.0/selenium-http-4.35.0.jar:/home/runner/.m2/repository/org/seleniumhq/selenium/selenium-ie-driver/4.35.0/selenium-ie-driver-4.35.0.jar:/home/runner/.m2/repository/org/seleniumhq/selenium/selenium-remote-driver/4.35.0/selenium-remote-driver-4.35.0.jar:/home/runner/.m2/repository/com/google/guava/guava/33.4.8-jre/guava-33.4.8-jre.jar:/home/runner/.m2/repository/com/google/guava/failureaccess/1.0.3/failureaccess-1.0.3.jar:/home/runner/.m2/repository/com/google/guava/listenablefuture/9999.0-empty-to-avoid-conflict-with-guava/listenablefuture-9999.0-empty-to-avoid-conflict-with-guava.jar:/home/runner/.m2/repository/com/google/j2objc/j2objc-annotations/3.0.0/j2objc-annotations-3.0.0.jar:/home/runner/.m2/repository/io/opentelemetry/opentelemetry-api/1.53.0/opentelemetry-api-1.53.0.jar:/home/runner/.m2/repository/io/opentelemetry/opentelemetry-context/1.53.0/opentelemetry-context-1.53.0.jar:/home/runner/.m2/repository/io/opentelemetry/opentelemetry-common/1.53.0/opentelemetry-common-1.53.0.jar:/home/runner/.m2/repository/io/opentelemetry/opentelemetry-exporter-logging/1.53.0/opentelemetry-exporter-logging-1.53.0.jar:/home/runner/.m2/repository/io/opentelemetry/opentelemetry-sdk-common/1.53.0/opentelemetry-sdk-common-1.53.0.jar:/home/runner/.m2/repository/io/opentelemetry/opentelemetry-sdk-extension-autoconfigure-spi/1.53.0/opentelemetry-sdk-extension-autoconfigure-spi-1.53.0.jar:/home/runner/.m2/repository/io/opentelemetry/opentelemetry-sdk-extension-autoconfigure/1.53.0/opentelemetry-sdk-extension-autoconfigure-1.53.0.jar:/home/runner/.m2/repository/io/opentelemetry/opentelemetry-sdk-trace/1.53.0/opentelemetry-sdk-trace-1.53.0.jar:/home/runner/.m2/repository/io/opentelemetry/opentelemetry-sdk/1.53.0/opentelemetry-sdk-1.53.0.jar:/home/runner/.m2/repository/io/opentelemetry/opentelemetry-sdk-metrics/1.53.0/opentelemetry-sdk-metrics-1.53.0.jar:/home/runner/.m2/repository/io/opentelemetry/opentelemetry-sdk-logs/1.53.0/opentelemetry-sdk-logs-1.53.0.jar:/home/runner/.m2/repository/net/bytebuddy/byte-buddy/1.17.6/byte-buddy-1.17.6.jar:/home/runner/.m2/repository/org/seleniumhq/selenium/selenium-os/4.35.0/selenium-os-4.35.0.jar:/home/runner/.m2/repository/org/apache/commons/commons-exec/1.5.0/commons-exec-1.5.0.jar:/home/runner/.m2/repository/org/seleniumhq/selenium/selenium-safari-driver/4.35.0/selenium-safari-driver-4.35.0.jar:/home/runner/.m2/repository/org/seleniumhq/selenium/selenium-support/4.35.0/selenium-support-4.35.0.jar:/home/runner/.m2/repository/org/testng/testng/7.11.0/testng-7.11.0.jar:/home/runner/.m2/repository/org/slf4j/slf4j-api/2.0.16/slf4j-api-2.0.16.jar:/home/runner/.m2/repository/org/jcommander/jcommander/1.83/jcommander-1.83.jar:/home/runner/.m2/repository/org/webjars/jquery/3.7.1/jquery-3.7.1.jar:/home/runner/.m2/repository/com/google/code/gson/gson/2.13.1/gson-2.13.1.jar:/home/runner/.m2/repository/com/google/errorprone/error_prone_annotations/2.38.0/error_prone_annotations-2.38.0.jar:/home/runner/.m2/repository/com/opencsv/opencsv/5.12.0/opencsv-5.12.0.jar:/home/runner/.m2/repository/org/apache/commons/commons-lang3/3.18.0/commons-lang3-3.18.0.jar:/home/runner/.m2/repository/org/apache/commons/commons-text/1.13.1/commons-text-1.13.1.jar:/home/runner/.m2/repository/commons-beanutils/commons-beanutils/1.11.0/commons-beanutils-1.11.0.jar:/home/runner/.m2/repository/commons-logging/commons-logging/1.3.5/commons-logging-1.3.5.jar:/home/runner/.m2/repository/commons-collections/commons-collections/3.2.2/commons-collections-3.2.2.jar:/home/runner/.m2/repository/org/apache/commons/commons-collections4/4.5.0/commons-collections4-4.5.0.jar:/home/runner/.m2/repository/org/apache/poi/poi/5.4.1/poi-5.4.1.jar:/home/runner/.m2/repository/commons-codec/commons-codec/1.18.0/commons-codec-1.18.0.jar:/home/runner/.m2/repository/org/apache/commons/commons-math3/3.6.1/commons-math3-3.6.1.jar:/home/runner/.m2/repository/commons-io/commons-io/2.18.0/commons-io-2.18.0.jar:/home/runner/.m2/repository/com/zaxxer/SparseBitSet/1.3/SparseBitSet-1.3.jar:/home/runner/.m2/repository/org/apache/poi/poi-ooxml/5.4.1/poi-ooxml-5.4.1.jar:/home/runner/.m2/repository/org/apache/poi/poi-ooxml-lite/5.4.1/poi-ooxml-lite-5.4.1.jar:/home/runner/.m2/repository/org/apache/xmlbeans/xmlbeans/5.3.0/xmlbeans-5.3.0.jar:/home/runner/.m2/repository/org/apache/commons/commons-compress/1.27.1/commons-compress-1.27.1.jar:/home/runner/.m2/repository/com/github/virtuald/curvesapi/1.08/curvesapi-1.08.jar:/home/runner/.m2/repository/org/apache/logging/log4j/log4j-core/2.25.1/log4j-core-2.25.1.jar:/home/runner/.m2/repository/org/apache/logging/log4j/log4j-api/2.25.1/log4j-api-2.25.1.jar:/home/runner/.m2/repository/com/aventstack/extentreports/5.1.2/extentreports-5.1.2.jar:/home/runner/.m2/repository/io/reactivex/rxjava3/rxjava/3.1.6/rxjava-3.1.6.jar:/home/runner/.m2/repository/org/reactivestreams/reactive-streams/1.0.4/reactive-streams-1.0.4.jar:/home/runner/.m2/repository/org/freemarker/freemarker/2.3.32/freemarker-2.3.32.jar:/home/runner/.m2/repository/org/projectlombok/lombok/1.18.26/lombok-1.18.26.jar:/home/runner/.m2/repository/com/github/javafaker/javafaker/1.0.2/javafaker-1.0.2.jar:/home/runner/.m2/repository/org/yaml/snakeyaml/1.23/snakeyaml-1.23-android.jar:/home/runner/.m2/repository/com/github/mifmif/generex/1.0.2/generex-1.0.2.jar:/home/runner/.m2/repository/dk/brics/automaton/automaton/1.11-8/automaton-1.11-8.jar:"/>
    <property name="sun.cpu.endian" value="little"/>
    <property name="user.home" value="/home/runner"/>
    <property name="user.language" value="en"/>
    <property name="java.specification.vendor" value="Oracle Corporation"/>
    <property name="java.version.date" value="2026-01-20"/>
    <property name="java.home" value="/usr/lib/jvm/temurin-11-jdk-amd64"/>
    <property name="file.separator" value="/"/>
    <property name="basedir" value="/home/runner/work/Test-Automation-Framework/Test-Automation-Framework"/>
    <property name="java.vm.compressedOopsMode" value="Zero based"/>
    <property name="line.separator" value="&#10;"/>
    <property name="java.specification.name" value="Java Platform API Specification"/>
    <property name="java.vm.specification.vendor" value="Oracle Corporation"/>
    <property name="java.awt.graphicsenv" value="sun.awt.X11GraphicsEnvironment"/>
    <property name="isLambdaTest" value="false"/>
    <property name="surefire.real.class.path" value="/home/runner/work/Test-Automation-Framework/Test-Automation-Framework/target/surefire/surefirebooter-20260213165635831_3.jar"/>
    <property name="sun.management.compiler" value="HotSpot 64-Bit Tiered Compilers"/>
    <property name="java.runtime.version" value="11.0.30+7"/>
    <property name="user.name" value="runner"/>
    <property name="path.separator" value=":"/>
    <property name="os.version" value="6.14.0-1017-azure"/>
    <property name="java.runtime.name" value="OpenJDK Runtime Environment"/>
    <property name="file.encoding" value="UTF-8"/>
    <property name="browser" value="chrome"/>
    <property name="java.vm.name" value="OpenJDK 64-Bit Server VM"/>
    <property name="java.vendor.version" value="Temurin-11.0.30+7"/>
    <property name="localRepository" value="/home/runner/.m2/repository"/>
    <property name="java.vendor.url.bug" value="https://github.com/adoptium/adoptium-support/issues"/>
    <property name="java.io.tmpdir" value="/tmp"/>
    <property name="java.version" value="11.0.30"/>
    <property name="user.dir" value="/home/runner/work/Test-Automation-Framework/Test-Automation-Framework"/>
    <property name="os.arch" value="amd64"/>
    <property name="java.vm.specification.name" value="Java Virtual Machine Specification"/>
    <property name="java.awt.printerjob" value="sun.print.PSPrinterJob"/>
    <property name="sun.os.patch.level" value="unknown"/>
    <property name="java.library.path" value="/usr/java/packages/lib:/usr/lib64:/lib64:/lib:/usr/lib"/>
    <property name="java.vm.info" value="mixed mode"/>
    <property name="java.vendor" value="Eclipse Adoptium"/>
    <property name="java.vm.version" value="11.0.30+7"/>
    <property name="java.specification.maintenance.version" value="3"/>
    <property name="sun.io.unicode.encoding" value="UnicodeLittle"/>
    <property name="java.class.version" value="55.0"/>
  </properties>
  <testcase name="loginTest" classname="com.ui.tests.InvalidCredLoginTest" time="2.423">
    <system-out><![CDATA[2026-02-13 16:56:37 [main] INFO com.ui.listeners.TestListener::onStart::62 Test Suite Started 
2026-02-13 16:56:37 [TestNG-test-UI Automation Test-7] INFO com.ui.tests.ProductCheckoutTest::setup::37 Load the Homepage of the website 
2026-02-13 16:56:37 [TestNG-test-UI Automation Test-6] INFO com.ui.tests.SearchProductTest::setup::37 Load the Homepage of the website 
2026-02-13 16:56:37 [TestNG-test-UI Automation Test-5] INFO com.ui.tests.AddNewFirstAddressTest::setup::37 Load the Homepage of the website 
2026-02-13 16:56:37 [TestNG-test-UI Automation Test-4] INFO com.ui.tests.InvalidCredLoginTest::setup::37 Load the Homepage of the website 
2026-02-13 16:56:37 [TestNG-test-UI Automation Test-1] INFO com.ui.tests.LoginTest::setup::37 Load the Homepage of the website 
2026-02-13 16:56:37 [TestNG-test-UI Automation Test-5] INFO com.ui.pages.HomePage::<init>::85 Launching Browser for CHROME 
2026-02-13 16:56:37 [TestNG-test-UI Automation Test-4] INFO com.ui.pages.HomePage::<init>::85 Launching Browser for CHROME 
2026-02-13 16:56:37 [TestNG-test-UI Automation Test-1] INFO com.ui.pages.HomePage::<init>::85 Launching Browser for CHROME 
2026-02-13 16:56:37 [TestNG-test-UI Automation Test-6] INFO com.ui.pages.HomePage::<init>::85 Launching Browser for CHROME 
2026-02-13 16:56:37 [TestNG-test-UI Automation Test-7] INFO com.ui.pages.HomePage::<init>::85 Launching Browser for CHROME 
2026-02-13 16:56:37 [TestNG-test-UI Automation Test-3] INFO com.ui.tests.LoginTest::setup::37 Load the Homepage of the website 
2026-02-13 16:56:37 [TestNG-test-UI Automation Test-3] INFO com.ui.pages.HomePage::<init>::85 Launching Browser for CHROME 
2026-02-13 16:56:38 [TestNG-test-UI Automation Test-2] INFO com.ui.tests.LoginTest::setup::37 Load the Homepage of the website 
2026-02-13 16:56:38 [TestNG-test-UI Automation Test-2] INFO com.ui.pages.HomePage::<init>::85 Launching Browser for CHROME 
2026-02-13 16:56:48 [TestNG-test-UI Automation Test-4] INFO com.ui.pages.HomePage::goToWebsite::133 Visiting the website http://automationpractice.techwithjatin.com 
2026-02-13 16:56:48 [TestNG-test-UI Automation Test-1] INFO com.ui.pages.HomePage::goToWebsite::133 Visiting the website http://automationpractice.techwithjatin.com 
2026-02-13 16:56:48 [TestNG-test-UI Automation Test-3] INFO com.ui.pages.HomePage::goToWebsite::133 Visiting the website http://automationpractice.techwithjatin.com 
2026-02-13 16:56:48 [TestNG-test-UI Automation Test-5] INFO com.ui.pages.HomePage::goToWebsite::133 Visiting the website http://automationpractice.techwithjatin.com 
2026-02-13 16:56:48 [TestNG-test-UI Automation Test-6] INFO com.ui.pages.HomePage::goToWebsite::133 Visiting the website http://automationpractice.techwithjatin.com 
2026-02-13 16:56:48 [TestNG-test-UI Automation Test-2] INFO com.ui.pages.HomePage::goToWebsite::133 Visiting the website http://automationpractice.techwithjatin.com 
2026-02-13 16:56:48 [TestNG-test-UI Automation Test-7] INFO com.ui.pages.HomePage::goToWebsite::133 Visiting the website http://automationpractice.techwithjatin.com 
2026-02-13 16:56:53 [TestNG-test-UI Automation Test-4] INFO com.ui.listeners.TestListener::onTestStart::28 loginTest 
2026-02-13 16:56:53 [TestNG-test-UI Automation Test-4] INFO com.ui.listeners.TestListener::onTestStart::29 Verify if the proper error message is shown for the user when they enter invalid credentials 
2026-02-13 16:56:53 [TestNG-test-UI Automation Test-4] INFO com.ui.listeners.TestListener::onTestStart::30 [smoke, e2e, sanity] 
2026-02-13 16:56:53 [TestNG-test-UI Automation Test-4] INFO com.ui.pages.HomePage::goToLoginPage::34 Trying to perform click to go to Sign in Page 
2026-02-13 16:56:53 [TestNG-test-UI Automation Test-4] INFO com.ui.pages.HomePage::clickOn::143 Finding Element with the locator By.xpath: //a[contains(text(),"Sign in")] 
2026-02-13 16:56:53 [TestNG-test-UI Automation Test-4] INFO com.ui.pages.HomePage::clickOn::148 Element Found and now performing Click 
2026-02-13 16:56:54 [TestNG-test-UI Automation Test-4] INFO com.ui.pages.LoginPage::enterText::172 Finding Element with the locator By.id: email 
2026-02-13 16:56:54 [TestNG-test-UI Automation Test-5] INFO com.ui.pages.HomePage::goToLoginPage::34 Trying to perform click to go to Sign in Page 
2026-02-13 16:56:54 [TestNG-test-UI Automation Test-5] INFO com.ui.pages.HomePage::clickOn::143 Finding Element with the locator By.xpath: //a[contains(text(),"Sign in")] 
2026-02-13 16:56:54 [TestNG-test-UI Automation Test-4] INFO com.ui.pages.LoginPage::enterText::177 Element Found and now enter text abc@gmail.com 
2026-02-13 16:56:54 [TestNG-test-UI Automation Test-5] INFO com.ui.pages.HomePage::clickOn::148 Element Found and now performing Click 
2026-02-13 16:56:54 [TestNG-test-UI Automation Test-4] INFO com.ui.pages.LoginPage::enterText::172 Finding Element with the locator By.id: passwd 
2026-02-13 16:56:54 [TestNG-test-UI Automation Test-4] INFO com.ui.pages.LoginPage::enterText::177 Element Found and now enter text pass@123 
2026-02-13 16:56:54 [TestNG-test-UI Automation Test-4] INFO com.ui.pages.LoginPage::clickOn::143 Finding Element with the locator By.id: SubmitLogin 
2026-02-13 16:56:55 [TestNG-test-UI Automation Test-7] INFO com.ui.pages.HomePage::goToLoginPage::34 Trying to perform click to go to Sign in Page 
2026-02-13 16:56:55 [TestNG-test-UI Automation Test-7] INFO com.ui.pages.HomePage::clickOn::143 Finding Element with the locator By.xpath: //a[contains(text(),"Sign in")] 
2026-02-13 16:56:55 [TestNG-test-UI Automation Test-4] INFO com.ui.pages.LoginPage::clickOn::148 Element Found and now performing Click 
2026-02-13 16:56:55 [TestNG-test-UI Automation Test-7] INFO com.ui.pages.HomePage::clickOn::148 Element Found and now performing Click 
2026-02-13 16:56:55 [TestNG-test-UI Automation Test-5] INFO com.ui.pages.LoginPage::enterText::172 Finding Element with the locator By.id: email 
2026-02-13 16:56:55 [TestNG-test-UI Automation Test-4] INFO com.ui.pages.LoginPage::getVisibleText::213 Finding Element with the locator By.xpath: //div[contains(@class,"alert-danger")]/ol/li 
2026-02-13 16:56:55 [TestNG-test-UI Automation Test-5] INFO com.ui.pages.LoginPage::enterText::177 Element Found and now enter text vavic26266@ahanim.com 
2026-02-13 16:56:55 [TestNG-test-UI Automation Test-4] INFO com.ui.pages.LoginPage::getVisibleText::216 Element Found and now returning the visible text Authentication failed. 
]]></system-out>
    <system-err><![CDATA[SLF4J(W): No SLF4J providers were found.
SLF4J(W): Defaulting to no-operation (NOP) logger implementation
SLF4J(W): See https://www.slf4j.org/codes.html#noProviders for further details.
Feb 13, 2026 4:56:48 PM org.openqa.selenium.devtools.CdpVersionFinder findNearestMatch
WARNING: Unable to find CDP implementation matching 144
Feb 13, 2026 4:56:48 PM org.openqa.selenium.devtools.CdpVersionFinder findNearestMatch
WARNING: Unable to find CDP implementation matching 144
Feb 13, 2026 4:56:48 PM org.openqa.selenium.devtools.CdpVersionFinder findNearestMatch
WARNING: Unable to find CDP implementation matching 144
Feb 13, 2026 4:56:48 PM org.openqa.selenium.devtools.CdpVersionFinder findNearestMatch
WARNING: Unable to find CDP implementation matching 144
Feb 13, 2026 4:56:48 PM org.openqa.selenium.devtools.CdpVersionFinder findNearestMatch
WARNING: Unable to find CDP implementation matching 144
Feb 13, 2026 4:56:48 PM org.openqa.selenium.devtools.CdpVersionFinder findNearestMatch
WARNING: Unable to find CDP implementation matching 144
Feb 13, 2026 4:56:48 PM org.openqa.selenium.devtools.CdpVersionFinder findNearestMatch
WARNING: Unable to find CDP implementation matching 144
Feb 13, 2026 4:56:48 PM org.openqa.selenium.chromium.ChromiumDriver lambda$new$4
WARNING: Unable to find version of CDP to use for 144.0.7559.132. You may need to include a dependency on a specific version of the CDP using something similar to `org.seleniumhq.selenium:selenium-devtools-v86:4.35.0` where the version ("v86") matches the version of the chromium-based browser you're using and the version number of the artifact is the same as Selenium's.
Feb 13, 2026 4:56:48 PM org.openqa.selenium.chromium.ChromiumDriver lambda$new$4
WARNING: Unable to find version of CDP to use for 144.0.7559.132. You may need to include a dependency on a specific version of the CDP using something similar to `org.seleniumhq.selenium:selenium-devtools-v86:4.35.0` where the version ("v86") matches the version of the chromium-based browser you're using and the version number of the artifact is the same as Selenium's.
Feb 13, 2026 4:56:48 PM org.openqa.selenium.chromium.ChromiumDriver lambda$new$4
WARNING: Unable to find version of CDP to use for 144.0.7559.132. You may need to include a dependency on a specific version of the CDP using something similar to `org.seleniumhq.selenium:selenium-devtools-v86:4.35.0` where the version ("v86") matches the version of the chromium-based browser you're using and the version number of the artifact is the same as Selenium's.
Feb 13, 2026 4:56:48 PM org.openqa.selenium.chromium.ChromiumDriver lambda$new$4
WARNING: Unable to find version of CDP to use for 144.0.7559.132. You may need to include a dependency on a specific version of the CDP using something similar to `org.seleniumhq.selenium:selenium-devtools-v86:4.35.0` where the version ("v86") matches the version of the chromium-based browser you're using and the version number of the artifact is the same as Selenium's.
Feb 13, 2026 4:56:48 PM org.openqa.selenium.chromium.ChromiumDriver lambda$new$4
WARNING: Unable to find version of CDP to use for 144.0.7559.132. You may need to include a dependency on a specific version of the CDP using something similar to `org.seleniumhq.selenium:selenium-devtools-v86:4.35.0` where the version ("v86") matches the version of the chromium-based browser you're using and the version number of the artifact is the same as Selenium's.
Feb 13, 2026 4:56:48 PM org.openqa.selenium.chromium.ChromiumDriver lambda$new$4
WARNING: Unable to find version of CDP to use for 144.0.7559.132. You may need to include a dependency on a specific version of the CDP using something similar to `org.seleniumhq.selenium:selenium-devtools-v86:4.35.0` where the version ("v86") matches the version of the chromium-based browser you're using and the version number of the artifact is the same as Selenium's.
Feb 13, 2026 4:56:48 PM org.openqa.selenium.chromium.ChromiumDriver lambda$new$4
WARNING: Unable to find version of CDP to use for 144.0.7559.132. You may need to include a dependency on a specific version of the CDP using something similar to `org.seleniumhq.selenium:selenium-devtools-v86:4.35.0` where the version ("v86") matches the version of the chromium-based browser you're using and the version number of the artifact is the same as Selenium's.
]]></system-err>
  </testcase>
  <testcase name="loginTest[User [emailAddress=karan@gmail.com, password=pass1234]](1)" classname="com.ui.tests.LoginTest" time="0.593">
    <system-out><![CDATA[2026-02-13 16:56:55 [TestNG-test-UI Automation Test-4] INFO com.ui.listeners.TestListener::onTestSuccess::35 loginTest PASSED 
2026-02-13 16:56:55 [TestNG-test-UI Automation Test-6] INFO com.ui.pages.HomePage::goToLoginPage::34 Trying to perform click to go to Sign in Page 
2026-02-13 16:56:55 [TestNG-test-UI Automation Test-6] INFO com.ui.pages.HomePage::clickOn::143 Finding Element with the locator By.xpath: //a[contains(text(),"Sign in")] 
2026-02-13 16:56:55 [TestNG-test-UI Automation Test-5] INFO com.ui.pages.LoginPage::enterText::172 Finding Element with the locator By.id: passwd 
2026-02-13 16:56:55 [TestNG-test-UI Automation Test-6] INFO com.ui.pages.HomePage::clickOn::148 Element Found and now performing Click 
2026-02-13 16:56:55 [TestNG-test-UI Automation Test-5] INFO com.ui.pages.LoginPage::enterText::177 Element Found and now enter text password 
2026-02-13 16:56:56 [TestNG-test-UI Automation Test-2] INFO com.ui.listeners.TestListener::onTestStart::28 loginExcelTest 
2026-02-13 16:56:56 [TestNG-test-UI Automation Test-2] INFO com.ui.listeners.TestListener::onTestStart::29 Verifies with the valid user is able to login into the application 
2026-02-13 16:56:56 [TestNG-test-UI Automation Test-2] INFO com.ui.listeners.TestListener::onTestStart::30 [e2e, sanity] 
2026-02-13 16:56:56 [TestNG-test-UI Automation Test-2] INFO com.ui.pages.HomePage::goToLoginPage::34 Trying to perform click to go to Sign in Page 
2026-02-13 16:56:56 [TestNG-test-UI Automation Test-2] INFO com.ui.pages.HomePage::clickOn::143 Finding Element with the locator By.xpath: //a[contains(text(),"Sign in")] 
2026-02-13 16:56:56 [TestNG-test-UI Automation Test-3] INFO com.ui.listeners.TestListener::onTestStart::28 loginTest 
2026-02-13 16:56:56 [TestNG-test-UI Automation Test-3] INFO com.ui.listeners.TestListener::onTestStart::29 Verifies with the valid user is able to login into the application 
2026-02-13 16:56:56 [TestNG-test-UI Automation Test-3] INFO com.ui.listeners.TestListener::onTestStart::30 [e2e, sanity] 
2026-02-13 16:56:56 [TestNG-test-UI Automation Test-3] INFO com.ui.pages.HomePage::goToLoginPage::34 Trying to perform click to go to Sign in Page 
2026-02-13 16:56:56 [TestNG-test-UI Automation Test-3] INFO com.ui.pages.HomePage::clickOn::143 Finding Element with the locator By.xpath: //a[contains(text(),"Sign in")] 
2026-02-13 16:56:56 [TestNG-test-UI Automation Test-5] INFO com.ui.pages.LoginPage::clickOn::143 Finding Element with the locator By.id: SubmitLogin 
2026-02-13 16:56:56 [TestNG-test-UI Automation Test-5] INFO com.ui.pages.LoginPage::clickOn::148 Element Found and now performing Click 
2026-02-13 16:56:56 [TestNG-test-UI Automation Test-3] INFO com.ui.pages.HomePage::clickOn::148 Element Found and now performing Click 
2026-02-13 16:56:56 [TestNG-test-UI Automation Test-2] INFO com.ui.pages.HomePage::clickOn::148 Element Found and now performing Click 
2026-02-13 16:56:56 [TestNG-test-UI Automation Test-7] INFO com.ui.pages.LoginPage::enterText::172 Finding Element with the locator By.id: email 
2026-02-13 16:56:56 [TestNG-test-UI Automation Test-7] INFO com.ui.pages.LoginPage::enterText::177 Element Found and now enter text vavic26266@ahanim.com 
2026-02-13 16:56:56 [TestNG-test-UI Automation Test-7] INFO com.ui.pages.LoginPage::enterText::172 Finding Element with the locator By.id: passwd 
2026-02-13 16:56:56 [TestNG-test-UI Automation Test-7] INFO com.ui.pages.LoginPage::enterText::177 Element Found and now enter text password 
2026-02-13 16:56:56 [TestNG-test-UI Automation Test-7] INFO com.ui.pages.LoginPage::clickOn::143 Finding Element with the locator By.id: SubmitLogin 
2026-02-13 16:56:56 [TestNG-test-UI Automation Test-7] INFO com.ui.pages.LoginPage::clickOn::148 Element Found and now performing Click 
2026-02-13 16:56:56 [TestNG-test-UI Automation Test-1] INFO com.ui.listeners.TestListener::onTestStart::28 loginCSVTest 
2026-02-13 16:56:56 [TestNG-test-UI Automation Test-1] INFO com.ui.listeners.TestListener::onTestStart::29 Verifies with the valid user is able to login into the application 
2026-02-13 16:56:56 [TestNG-test-UI Automation Test-1] INFO com.ui.listeners.TestListener::onTestStart::30 [e2e, sanity] 
2026-02-13 16:56:56 [TestNG-test-UI Automation Test-1] INFO com.ui.pages.HomePage::goToLoginPage::34 Trying to perform click to go to Sign in Page 
2026-02-13 16:56:56 [TestNG-test-UI Automation Test-1] INFO com.ui.pages.HomePage::clickOn::143 Finding Element with the locator By.xpath: //a[contains(text(),"Sign in")] 
2026-02-13 16:56:56 [TestNG-test-UI Automation Test-1] INFO com.ui.pages.HomePage::clickOn::148 Element Found and now performing Click 
2026-02-13 16:56:56 [TestNG-test-UI Automation Test-6] INFO com.ui.pages.LoginPage::enterText::172 Finding Element with the locator By.id: email 
2026-02-13 16:56:57 [TestNG-test-UI Automation Test-6] INFO com.ui.pages.LoginPage::enterText::177 Element Found and now enter text vavic26266@ahanim.com 
2026-02-13 16:56:57 [TestNG-test-UI Automation Test-6] INFO com.ui.pages.LoginPage::enterText::172 Finding Element with the locator By.id: passwd 
2026-02-13 16:56:57 [TestNG-test-UI Automation Test-6] INFO com.ui.pages.LoginPage::enterText::177 Element Found and now enter text password 
2026-02-13 16:56:57 [TestNG-test-UI Automation Test-6] INFO com.ui.pages.LoginPage::clickOn::143 Finding Element with the locator By.id: SubmitLogin 
2026-02-13 16:56:57 [TestNG-test-UI Automation Test-3] INFO com.ui.pages.LoginPage::enterText::172 Finding Element with the locator By.id: email 
2026-02-13 16:56:57 [TestNG-test-UI Automation Test-6] INFO com.ui.pages.LoginPage::clickOn::148 Element Found and now performing Click 
2026-02-13 16:56:57 [TestNG-test-UI Automation Test-3] INFO com.ui.pages.LoginPage::enterText::177 Element Found and now enter text karan@gmail.com 
2026-02-13 16:56:57 [TestNG-test-UI Automation Test-2] INFO com.ui.pages.LoginPage::enterText::172 Finding Element with the locator By.id: email 
2026-02-13 16:56:57 [TestNG-test-UI Automation Test-2] INFO com.ui.pages.LoginPage::enterText::177 Element Found and now enter text vavic26266@ahanim.com 
2026-02-13 16:56:57 [TestNG-test-UI Automation Test-3] INFO com.ui.pages.LoginPage::enterText::172 Finding Element with the locator By.id: passwd 
2026-02-13 16:56:57 [TestNG-test-UI Automation Test-3] INFO com.ui.pages.LoginPage::enterText::177 Element Found and now enter text pass1234 
2026-02-13 16:56:57 [TestNG-test-UI Automation Test-7] INFO com.ui.pages.MyAccountPage::enterText::172 Finding Element with the locator By.id: search_query_top 
2026-02-13 16:56:57 [TestNG-test-UI Automation Test-1] INFO com.ui.pages.LoginPage::enterText::172 Finding Element with the locator By.id: email 
2026-02-13 16:56:57 [TestNG-test-UI Automation Test-2] INFO com.ui.pages.LoginPage::enterText::172 Finding Element with the locator By.id: passwd 
2026-02-13 16:56:57 [TestNG-test-UI Automation Test-3] INFO com.ui.pages.LoginPage::clickOn::143 Finding Element with the locator By.id: SubmitLogin 
2026-02-13 16:56:57 [TestNG-test-UI Automation Test-1] INFO com.ui.pages.LoginPage::enterText::177 Element Found and now enter text karan@gmail.com 
2026-02-13 16:56:57 [TestNG-test-UI Automation Test-7] INFO com.ui.pages.MyAccountPage::enterText::177 Element Found and now enter text Printed Summer Dress 
2026-02-13 16:56:57 [TestNG-test-UI Automation Test-2] INFO com.ui.pages.LoginPage::enterText::177 Element Found and now enter text password 
2026-02-13 16:56:57 [TestNG-test-UI Automation Test-3] INFO com.ui.pages.LoginPage::clickOn::148 Element Found and now performing Click 
2026-02-13 16:56:58 [TestNG-test-UI Automation Test-7] INFO com.ui.pages.MyAccountPage::enterSpecialKey::202 Finding Element with the locator By.id: search_query_top 
2026-02-13 16:56:58 [TestNG-test-UI Automation Test-2] INFO com.ui.pages.LoginPage::clickOn::143 Finding Element with the locator By.id: SubmitLogin 
2026-02-13 16:56:58 [TestNG-test-UI Automation Test-1] INFO com.ui.pages.LoginPage::enterText::172 Finding Element with the locator By.id: passwd 
2026-02-13 16:56:58 [TestNG-test-UI Automation Test-7] INFO com.ui.pages.MyAccountPage::enterSpecialKey::207 Element Found and now enter special Key  
2026-02-13 16:56:58 [TestNG-test-UI Automation Test-2] INFO com.ui.pages.LoginPage::clickOn::148 Element Found and now performing Click 
2026-02-13 16:56:58 [TestNG-test-UI Automation Test-1] INFO com.ui.pages.LoginPage::enterText::177 Element Found and now enter text pass1234 
2026-02-13 16:56:58 [TestNG-test-UI Automation Test-1] INFO com.ui.pages.LoginPage::clickOn::143 Finding Element with the locator By.id: SubmitLogin 
2026-02-13 16:56:58 [TestNG-test-UI Automation Test-1] INFO com.ui.pages.LoginPage::clickOn::148 Element Found and now performing Click 
2026-02-13 16:56:58 [TestNG-test-UI Automation Test-6] INFO com.ui.listeners.TestListener::onTestStart::28 verifyProductSearchTest 
2026-02-13 16:56:58 [TestNG-test-UI Automation Test-6] INFO com.ui.listeners.TestListener::onTestStart::29 Verify if the logged in user is able to search for a product and correct products search result are displayed 
2026-02-13 16:56:58 [TestNG-test-UI Automation Test-6] INFO com.ui.listeners.TestListener::onTestStart::30 [smoke, e2e, sanity] 
2026-02-13 16:56:58 [TestNG-test-UI Automation Test-6] INFO com.ui.pages.MyAccountPage::enterText::172 Finding Element with the locator By.id: search_query_top 
2026-02-13 16:56:58 [TestNG-test-UI Automation Test-6] INFO com.ui.pages.MyAccountPage::enterText::177 Element Found and now enter text Mens Wallet 
2026-02-13 16:56:58 [TestNG-test-UI Automation Test-6] INFO com.ui.pages.MyAccountPage::enterSpecialKey::202 Finding Element with the locator By.id: search_query_top 
2026-02-13 16:56:58 [TestNG-test-UI Automation Test-7] INFO com.ui.listeners.TestListener::onTestStart::28 checkoutTest 
2026-02-13 16:56:58 [TestNG-test-UI Automation Test-7] INFO com.ui.listeners.TestListener::onTestStart::29 Verify if the logged in User is able to buy a dress 
2026-02-13 16:56:58 [TestNG-test-UI Automation Test-7] INFO com.ui.listeners.TestListener::onTestStart::30 [smoke, e2e, sanity] 
2026-02-13 16:56:58 [TestNG-test-UI Automation Test-7] INFO com.ui.pages.SearchResultPage::getAllElements::237 Finding All Elements with the locator By.xpath: //h5[@itemprop="name"]/a 
2026-02-13 16:56:58 [TestNG-test-UI Automation Test-6] INFO com.ui.pages.MyAccountPage::enterSpecialKey::207 Element Found and now enter special Key  
2026-02-13 16:56:59 [TestNG-test-UI Automation Test-3] INFO com.ui.pages.MyAccountPage::getVisibleText::213 Finding Element with the locator By.xpath: //a[@title="View my customer account"]/span 
2026-02-13 16:56:59 [TestNG-test-UI Automation Test-6] INFO com.ui.pages.SearchResultPage::getAllVisibleText::222 Finding All Elements with the locator By.xpath: //h5[@itemprop="name"]/a 
2026-02-13 16:56:59 [TestNG-test-UI Automation Test-3] INFO com.ui.pages.MyAccountPage::getVisibleText::216 Element Found and now returning the visible text Karan Sagale 
2026-02-13 16:56:59 [TestNG-test-UI Automation Test-7] INFO com.ui.pages.SearchResultPage::getAllElements::240 Elements Found and now printing the List of Elements 
2026-02-13 16:56:59 [TestNG-test-UI Automation Test-7] INFO com.ui.pages.SearchResultPage::clickOn::166 Element Found and now performing Click 
]]></system-out>
  </testcase>
  <testcase name="loginExcelTest[User [emailAddress=vavic26266@ahanim.com, password=password]](1)" classname="com.ui.tests.LoginTest" time="0.0">
    <skipped message="expected [Karan Sagale1] but found [Vavic Test]"/>
    <system-out><![CDATA[2026-02-13 16:56:59 [TestNG-test-UI Automation Test-3] INFO com.ui.listeners.TestListener::onTestSuccess::35 loginTest PASSED 
2026-02-13 16:56:59 [TestNG-test-UI Automation Test-2] INFO com.ui.pages.MyAccountPage::getVisibleText::213 Finding Element with the locator By.xpath: //a[@title="View my customer account"]/span 
2026-02-13 16:56:59 [TestNG-test-UI Automation Test-3] INFO com.ui.tests.LoginTest::setup::37 Load the Homepage of the website 
2026-02-13 16:56:59 [TestNG-test-UI Automation Test-3] INFO com.ui.pages.HomePage::<init>::85 Launching Browser for CHROME 
2026-02-13 16:56:59 [TestNG-test-UI Automation Test-1] INFO com.ui.pages.MyAccountPage::getVisibleText::213 Finding Element with the locator By.xpath: //a[@title="View my customer account"]/span 
2026-02-13 16:56:59 [TestNG-test-UI Automation Test-2] INFO com.ui.pages.MyAccountPage::getVisibleText::216 Element Found and now returning the visible text Vavic Test 
]]></system-out>
  </testcase>
  <testcase name="loginCSVTest[User [emailAddress=karan@gmail.com, password=pass1234]](1)" classname="com.ui.tests.LoginTest" time="1.03">
    <system-out><![CDATA[2026-02-13 16:56:59 [TestNG-test-UI Automation Test-2] WARN com.ui.listeners.TestListener::onTestSkipped::57 loginExcelTest SKIPPED 
2026-02-13 16:56:59 [TestNG-test-UI Automation Test-1] INFO com.ui.pages.MyAccountPage::getVisibleText::216 Element Found and now returning the visible text Karan Sagale 
]]></system-out>
  </testcase>
  <testcase name="loginTest[User [emailAddress=vavic26266@ahanim.com, password=password]](2)" classname="com.ui.tests.LoginTest" time="1.556">
    <failure message="expected [Karan Sagale] but found [Vavic Test]" type="java.lang.AssertionError"><![CDATA[java.lang.AssertionError: expected [Karan Sagale] but found [Vavic Test]
	at org.testng.Assert.fail(Assert.java:111)
	at org.testng.Assert.failNotEquals(Assert.java:1590)
	at org.testng.Assert.assertEqualsImpl(Assert.java:150)
	at org.testng.Assert.assertEquals(Assert.java:132)
	at org.testng.Assert.assertEquals(Assert.java:656)
	at org.testng.Assert.assertEquals(Assert.java:666)
	at com.ui.tests.LoginTest.loginTest(LoginTest.java:21)
	at java.base/jdk.internal.reflect.NativeMethodAccessorImpl.invoke0(Native Method)
	at java.base/jdk.internal.reflect.NativeMethodAccessorImpl.invoke(NativeMethodAccessorImpl.java:62)
	at java.base/jdk.internal.reflect.DelegatingMethodAccessorImpl.invoke(DelegatingMethodAccessorImpl.java:43)
	at java.base/java.lang.reflect.Method.invoke(Method.java:566)
	at org.testng.internal.invokers.MethodInvocationHelper.invokeMethod(MethodInvocationHelper.java:141)
	at org.testng.internal.invokers.TestInvoker.invokeMethod(TestInvoker.java:687)
	at org.testng.internal.invokers.TestInvoker.invokeTestMethod(TestInvoker.java:230)
	at org.testng.internal.invokers.MethodRunner.runInSequence(MethodRunner.java:63)
	at org.testng.internal.invokers.TestInvoker$MethodInvocationAgent.invoke(TestInvoker.java:995)
	at org.testng.internal.invokers.TestInvoker.invokeTestMethods(TestInvoker.java:203)
	at org.testng.internal.invokers.TestMethodWorker.invokeTestMethods(TestMethodWorker.java:154)
	at org.testng.internal.invokers.TestMethodWorker.run(TestMethodWorker.java:134)
	at java.base/java.util.concurrent.Executors$RunnableAdapter.call(Executors.java:515)
	at java.base/java.util.concurrent.FutureTask.run(FutureTask.java:264)
	at org.testng.internal.thread.graph.TestNGFutureTask.run(TestNGFutureTask.java:22)
	at java.base/java.util.concurrent.ThreadPoolExecutor.runWorker(ThreadPoolExecutor.java:1128)
	at java.base/java.util.concurrent.ThreadPoolExecutor$Worker.run(ThreadPoolExecutor.java:628)
	at java.base/java.lang.Thread.run(Thread.java:829)
]]></failure>
    <system-out><![CDATA[2026-02-13 16:57:02 [TestNG-test-UI Automation Test-5] ERROR com.ui.listeners.TestListener::onTestFailure::40 addNewAddress FAILED 
2026-02-13 16:57:02 [TestNG-test-UI Automation Test-5] ERROR com.ui.listeners.TestListener::onTestFailure::41 Cannot locate option with text: New Hampshire
For documentation on this error, please visit: https://www.selenium.dev/documentation/webdriver/troubleshooting/errors#no-such-element-exception
Build info: version: '4.35.0', revision: '1c58e5028b'
System info: os.name: 'Linux', os.arch: 'amd64', os.version: '6.14.0-1017-azure', java.version: '11.0.30'
Driver info: driver.version: unknown 
2026-02-13 16:57:02 [TestNG-test-UI Automation Test-5] INFO com.ui.listeners.TestListener::onTestFailure::48 Capturing Screenshot for the failed tests 
2026-02-13 16:57:02 [TestNG-test-UI Automation Test-5] INFO com.ui.listeners.TestListener::onTestFailure::51 Attaching Screenshot to the HTML File 
2026-02-13 16:57:03 [TestNG-test-UI Automation Test-7] INFO com.ui.pages.ConfirmAddressPage::clickOn::143 Finding Element with the locator By.name: processAddress 
2026-02-13 16:57:05 [TestNG-test-UI Automation Test-3] INFO com.ui.listeners.TestListener::onTestStart::28 loginTest 
2026-02-13 16:57:05 [TestNG-test-UI Automation Test-3] INFO com.ui.listeners.TestListener::onTestStart::29 Verifies with the valid user is able to login into the application 
2026-02-13 16:57:05 [TestNG-test-UI Automation Test-3] INFO com.ui.listeners.TestListener::onTestStart::30 [e2e, sanity] 
2026-02-13 16:57:05 [TestNG-test-UI Automation Test-3] INFO com.ui.pages.HomePage::goToLoginPage::34 Trying to perform click to go to Sign in Page 
2026-02-13 16:57:05 [TestNG-test-UI Automation Test-3] INFO com.ui.pages.HomePage::clickOn::143 Finding Element with the locator By.xpath: //a[contains(text(),"Sign in")] 
2026-02-13 16:57:05 [TestNG-test-UI Automation Test-3] INFO com.ui.pages.HomePage::clickOn::148 Element Found and now performing Click 
2026-02-13 16:57:05 [TestNG-test-UI Automation Test-2] INFO com.ui.listeners.TestListener::onTestStart::28 loginExcelTest 
2026-02-13 16:57:05 [TestNG-test-UI Automation Test-2] INFO com.ui.listeners.TestListener::onTestStart::29 Verifies with the valid user is able to login into the application 
2026-02-13 16:57:05 [TestNG-test-UI Automation Test-2] INFO com.ui.listeners.TestListener::onTestStart::30 [e2e, sanity] 
2026-02-13 16:57:05 [TestNG-test-UI Automation Test-2] INFO com.ui.pages.HomePage::goToLoginPage::34 Trying to perform click to go to Sign in Page 
2026-02-13 16:57:05 [TestNG-test-UI Automation Test-2] INFO com.ui.pages.HomePage::clickOn::143 Finding Element with the locator By.xpath: //a[contains(text(),"Sign in")] 
2026-02-13 16:57:05 [TestNG-test-UI Automation Test-2] INFO com.ui.pages.HomePage::clickOn::148 Element Found and now performing Click 
2026-02-13 16:57:05 [TestNG-test-UI Automation Test-1] INFO com.ui.listeners.TestListener::onTestStart::28 loginCSVTest 
2026-02-13 16:57:05 [TestNG-test-UI Automation Test-1] INFO com.ui.listeners.TestListener::onTestStart::29 Verifies with the valid user is able to login into the application 
2026-02-13 16:57:05 [TestNG-test-UI Automation Test-1] INFO com.ui.listeners.TestListener::onTestStart::30 [e2e, sanity] 
2026-02-13 16:57:05 [TestNG-test-UI Automation Test-1] INFO com.ui.pages.HomePage::goToLoginPage::34 Trying to perform click to go to Sign in Page 
2026-02-13 16:57:05 [TestNG-test-UI Automation Test-1] INFO com.ui.pages.HomePage::clickOn::143 Finding Element with the locator By.xpath: //a[contains(text(),"Sign in")] 
2026-02-13 16:57:05 [TestNG-test-UI Automation Test-1] INFO com.ui.pages.HomePage::clickOn::148 Element Found and now performing Click 
2026-02-13 16:57:06 [TestNG-test-UI Automation Test-3] INFO com.ui.pages.LoginPage::enterText::172 Finding Element with the locator By.id: email 
2026-02-13 16:57:06 [TestNG-test-UI Automation Test-3] INFO com.ui.pages.LoginPage::enterText::177 Element Found and now enter text vavic26266@ahanim.com 
2026-02-13 16:57:06 [TestNG-test-UI Automation Test-3] INFO com.ui.pages.LoginPage::enterText::172 Finding Element with the locator By.id: passwd 
2026-02-13 16:57:06 [TestNG-test-UI Automation Test-3] INFO com.ui.pages.LoginPage::enterText::177 Element Found and now enter text password 
2026-02-13 16:57:06 [TestNG-test-UI Automation Test-3] INFO com.ui.pages.LoginPage::clickOn::143 Finding Element with the locator By.id: SubmitLogin 
2026-02-13 16:57:06 [TestNG-test-UI Automation Test-3] INFO com.ui.pages.LoginPage::clickOn::148 Element Found and now performing Click 
2026-02-13 16:57:06 [TestNG-test-UI Automation Test-2] INFO com.ui.pages.LoginPage::enterText::172 Finding Element with the locator By.id: email 
2026-02-13 16:57:06 [TestNG-test-UI Automation Test-2] INFO com.ui.pages.LoginPage::enterText::177 Element Found and now enter text vavic26266@ahanim.com 
2026-02-13 16:57:06 [TestNG-test-UI Automation Test-1] INFO com.ui.pages.LoginPage::enterText::172 Finding Element with the locator By.id: email 
2026-02-13 16:57:06 [TestNG-test-UI Automation Test-1] INFO com.ui.pages.LoginPage::enterText::177 Element Found and now enter text vavic26266@ahanim.com 
2026-02-13 16:57:06 [TestNG-test-UI Automation Test-2] INFO com.ui.pages.LoginPage::enterText::172 Finding Element with the locator By.id: passwd 
2026-02-13 16:57:06 [TestNG-test-UI Automation Test-2] INFO com.ui.pages.LoginPage::enterText::177 Element Found and now enter text password 
2026-02-13 16:57:06 [TestNG-test-UI Automation Test-1] INFO com.ui.pages.LoginPage::enterText::172 Finding Element with the locator By.id: passwd 
2026-02-13 16:57:06 [TestNG-test-UI Automation Test-2] INFO com.ui.pages.LoginPage::clickOn::143 Finding Element with the locator By.id: SubmitLogin 
2026-02-13 16:57:06 [TestNG-test-UI Automation Test-1] INFO com.ui.pages.LoginPage::enterText::177 Element Found and now enter text password 
2026-02-13 16:57:06 [TestNG-test-UI Automation Test-2] INFO com.ui.pages.LoginPage::clickOn::148 Element Found and now performing Click 
2026-02-13 16:57:06 [TestNG-test-UI Automation Test-1] INFO com.ui.pages.LoginPage::clickOn::143 Finding Element with the locator By.id: SubmitLogin 
2026-02-13 16:57:06 [TestNG-test-UI Automation Test-1] INFO com.ui.pages.LoginPage::clickOn::148 Element Found and now performing Click 
2026-02-13 16:57:07 [TestNG-test-UI Automation Test-3] INFO com.ui.pages.MyAccountPage::getVisibleText::213 Finding Element with the locator By.xpath: //a[@title="View my customer account"]/span 
2026-02-13 16:57:07 [TestNG-test-UI Automation Test-3] INFO com.ui.pages.MyAccountPage::getVisibleText::216 Element Found and now returning the visible text Vavic Test 
]]></system-out>
  </testcase>
  <testcase name="loginExcelTest[User [emailAddress=vavic26266@ahanim.com, password=password]](2)" classname="com.ui.tests.LoginTest" time="0.0">
    <skipped message="expected [Karan Sagale1] but found [Vavic Test]"/>
    <system-out><![CDATA[2026-02-13 16:57:07 [TestNG-test-UI Automation Test-3] ERROR com.ui.listeners.TestListener::onTestFailure::40 loginTest FAILED 
2026-02-13 16:57:07 [TestNG-test-UI Automation Test-3] ERROR com.ui.listeners.TestListener::onTestFailure::41 expected [Karan Sagale] but found [Vavic Test] 
2026-02-13 16:57:07 [TestNG-test-UI Automation Test-3] INFO com.ui.listeners.TestListener::onTestFailure::48 Capturing Screenshot for the failed tests 
2026-02-13 16:57:07 [TestNG-test-UI Automation Test-3] INFO com.ui.listeners.TestListener::onTestFailure::51 Attaching Screenshot to the HTML File 
2026-02-13 16:57:07 [TestNG-test-UI Automation Test-2] INFO com.ui.pages.MyAccountPage::getVisibleText::213 Finding Element with the locator By.xpath: //a[@title="View my customer account"]/span 
2026-02-13 16:57:07 [TestNG-test-UI Automation Test-2] INFO com.ui.pages.MyAccountPage::getVisibleText::216 Element Found and now returning the visible text Vavic Test 
2026-02-13 16:57:07 [TestNG-test-UI Automation Test-1] INFO com.ui.pages.MyAccountPage::getVisibleText::213 Finding Element with the locator By.xpath: //a[@title="View my customer account"]/span 
]]></system-out>
  </testcase>
  <testcase name="loginCSVTest[User [emailAddress=vavic26266@ahanim.com, password=password]](2)" classname="com.ui.tests.LoginTest" time="2.184">
    <failure message="expected [Karan Sagale] but found [Vavic Test]" type="java.lang.AssertionError"><![CDATA[java.lang.AssertionError: expected [Karan Sagale] but found [Vavic Test]
	at org.testng.Assert.fail(Assert.java:111)
	at org.testng.Assert.failNotEquals(Assert.java:1590)
	at org.testng.Assert.assertEqualsImpl(Assert.java:150)
	at org.testng.Assert.assertEquals(Assert.java:132)
	at org.testng.Assert.assertEquals(Assert.java:656)
	at org.testng.Assert.assertEquals(Assert.java:666)
	at com.ui.tests.LoginTest.loginCSVTest(LoginTest.java:29)
	at java.base/jdk.internal.reflect.NativeMethodAccessorImpl.invoke0(Native Method)
	at java.base/jdk.internal.reflect.NativeMethodAccessorImpl.invoke(NativeMethodAccessorImpl.java:62)
	at java.base/jdk.internal.reflect.DelegatingMethodAccessorImpl.invoke(DelegatingMethodAccessorImpl.java:43)
	at java.base/java.lang.reflect.Method.invoke(Method.java:566)
	at org.testng.internal.invokers.MethodInvocationHelper.invokeMethod(MethodInvocationHelper.java:141)
	at org.testng.internal.invokers.TestInvoker.invokeMethod(TestInvoker.java:687)
	at org.testng.internal.invokers.TestInvoker.invokeTestMethod(TestInvoker.java:230)
	at org.testng.internal.invokers.MethodRunner.runInSequence(MethodRunner.java:63)
	at org.testng.internal.invokers.TestInvoker$MethodInvocationAgent.invoke(TestInvoker.java:995)
	at org.testng.internal.invokers.TestInvoker.invokeTestMethods(TestInvoker.java:203)
	at org.testng.internal.invokers.TestMethodWorker.invokeTestMethods(TestMethodWorker.java:154)
	at org.testng.internal.invokers.TestMethodWorker.run(TestMethodWorker.java:134)
	at java.base/java.util.concurrent.Executors$RunnableAdapter.call(Executors.java:515)
	at java.base/java.util.concurrent.FutureTask.run(FutureTask.java:264)
	at org.testng.internal.thread.graph.TestNGFutureTask.run(TestNGFutureTask.java:22)
	at java.base/java.util.concurrent.ThreadPoolExecutor.runWorker(ThreadPoolExecutor.java:1128)
	at java.base/java.util.concurrent.ThreadPoolExecutor$Worker.run(ThreadPoolExecutor.java:628)
	at java.base/java.lang.Thread.run(Thread.java:829)
]]></failure>
    <system-out><![CDATA[2026-02-13 16:57:07 [TestNG-test-UI Automation Test-2] WARN com.ui.listeners.TestListener::onTestSkipped::57 loginExcelTest SKIPPED 
2026-02-13 16:57:07 [TestNG-test-UI Automation Test-1] INFO com.ui.pages.MyAccountPage::getVisibleText::216 Element Found and now returning the visible text Vavic Test 
]]></system-out>
  </testcase>
  <testcase name="loginExcelTest[User [emailAddress=vavic26266@ahanim.com, password=password]](3)" classname="com.ui.tests.LoginTest" time="0.0">
    <skipped message="expected [Karan Sagale1] but found [Vavic Test]"/>
    <system-out><![CDATA[2026-02-13 16:57:07 [TestNG-test-UI Automation Test-1] ERROR com.ui.listeners.TestListener::onTestFailure::40 loginCSVTest FAILED 
2026-02-13 16:57:07 [TestNG-test-UI Automation Test-1] ERROR com.ui.listeners.TestListener::onTestFailure::41 expected [Karan Sagale] but found [Vavic Test] 
2026-02-13 16:57:07 [TestNG-test-UI Automation Test-1] INFO com.ui.listeners.TestListener::onTestFailure::48 Capturing Screenshot for the failed tests 
2026-02-13 16:57:07 [TestNG-test-UI Automation Test-2] INFO com.ui.tests.LoginTest::setup::37 Load the Homepage of the website 
2026-02-13 16:57:07 [TestNG-test-UI Automation Test-2] INFO com.ui.pages.HomePage::<init>::85 Launching Browser for CHROME 
2026-02-13 16:57:07 [TestNG-test-UI Automation Test-1] INFO com.ui.listeners.TestListener::onTestFailure::51 Attaching Screenshot to the HTML File 
2026-02-13 16:57:08 [TestNG-test-UI Automation Test-1] INFO com.ui.tests.LoginTest::setup::37 Load the Homepage of the website 
2026-02-13 16:57:08 [TestNG-test-UI Automation Test-1] INFO com.ui.pages.HomePage::<init>::85 Launching Browser for CHROME 
2026-02-13 16:57:08 [TestNG-test-UI Automation Test-2] INFO com.ui.pages.HomePage::goToWebsite::133 Visiting the website http://automationpractice.techwithjatin.com 
2026-02-13 16:57:08 [TestNG-test-UI Automation Test-1] INFO com.ui.pages.HomePage::goToWebsite::133 Visiting the website http://automationpractice.techwithjatin.com 
2026-02-13 16:57:12 [TestNG-test-UI Automation Test-2] INFO com.ui.listeners.TestListener::onTestStart::28 loginExcelTest 
2026-02-13 16:57:12 [TestNG-test-UI Automation Test-2] INFO com.ui.listeners.TestListener::onTestStart::29 Verifies with the valid user is able to login into the application 
2026-02-13 16:57:12 [TestNG-test-UI Automation Test-2] INFO com.ui.listeners.TestListener::onTestStart::30 [e2e, sanity] 
2026-02-13 16:57:12 [TestNG-test-UI Automation Test-2] INFO com.ui.pages.HomePage::goToLoginPage::34 Trying to perform click to go to Sign in Page 
2026-02-13 16:57:12 [TestNG-test-UI Automation Test-2] INFO com.ui.pages.HomePage::clickOn::143 Finding Element with the locator By.xpath: //a[contains(text(),"Sign in")] 
2026-02-13 16:57:12 [TestNG-test-UI Automation Test-2] INFO com.ui.pages.HomePage::clickOn::148 Element Found and now performing Click 
2026-02-13 16:57:13 [TestNG-test-UI Automation Test-1] INFO com.ui.listeners.TestListener::onTestStart::28 loginCSVTest 
2026-02-13 16:57:13 [TestNG-test-UI Automation Test-1] INFO com.ui.listeners.TestListener::onTestStart::29 Verifies with the valid user is able to login into the application 
2026-02-13 16:57:13 [TestNG-test-UI Automation Test-1] INFO com.ui.listeners.TestListener::onTestStart::30 [e2e, sanity] 
2026-02-13 16:57:13 [TestNG-test-UI Automation Test-1] INFO com.ui.pages.HomePage::goToLoginPage::34 Trying to perform click to go to Sign in Page 
2026-02-13 16:57:13 [TestNG-test-UI Automation Test-1] INFO com.ui.pages.HomePage::clickOn::143 Finding Element with the locator By.xpath: //a[contains(text(),"Sign in")] 
2026-02-13 16:57:13 [TestNG-test-UI Automation Test-1] INFO com.ui.pages.HomePage::clickOn::148 Element Found and now performing Click 
2026-02-13 16:57:13 [TestNG-test-UI Automation Test-2] INFO com.ui.pages.LoginPage::enterText::172 Finding Element with the locator By.id: email 
2026-02-13 16:57:13 [TestNG-test-UI Automation Test-2] INFO com.ui.pages.LoginPage::enterText::177 Element Found and now enter text vavic26266@ahanim.com 
2026-02-13 16:57:13 [TestNG-test-UI Automation Test-2] INFO com.ui.pages.LoginPage::enterText::172 Finding Element with the locator By.id: passwd 
2026-02-13 16:57:13 [TestNG-test-UI Automation Test-2] INFO com.ui.pages.LoginPage::enterText::177 Element Found and now enter text password 
2026-02-13 16:57:13 [TestNG-test-UI Automation Test-1] INFO com.ui.pages.LoginPage::enterText::172 Finding Element with the locator By.id: email 
2026-02-13 16:57:13 [TestNG-test-UI Automation Test-1] INFO com.ui.pages.LoginPage::enterText::177 Element Found and now enter text uday@gmail.com 
2026-02-13 16:57:13 [TestNG-test-UI Automation Test-2] INFO com.ui.pages.LoginPage::clickOn::143 Finding Element with the locator By.id: SubmitLogin 
2026-02-13 16:57:14 [TestNG-test-UI Automation Test-2] INFO com.ui.pages.LoginPage::clickOn::148 Element Found and now performing Click 
2026-02-13 16:57:14 [TestNG-test-UI Automation Test-1] INFO com.ui.pages.LoginPage::enterText::172 Finding Element with the locator By.id: passwd 
2026-02-13 16:57:14 [TestNG-test-UI Automation Test-1] INFO com.ui.pages.LoginPage::enterText::177 Element Found and now enter text pass4321 
2026-02-13 16:57:14 [TestNG-test-UI Automation Test-2] INFO com.ui.pages.MyAccountPage::getVisibleText::213 Finding Element with the locator By.xpath: //a[@title="View my customer account"]/span 
2026-02-13 16:57:14 [TestNG-test-UI Automation Test-1] INFO com.ui.pages.LoginPage::clickOn::143 Finding Element with the locator By.id: SubmitLogin 
2026-02-13 16:57:14 [TestNG-test-UI Automation Test-1] INFO com.ui.pages.LoginPage::clickOn::148 Element Found and now performing Click 
2026-02-13 16:57:14 [TestNG-test-UI Automation Test-1] INFO com.ui.pages.MyAccountPage::getVisibleText::213 Finding Element with the locator By.xpath: //a[@title="View my customer account"]/span 
2026-02-13 16:57:14 [TestNG-test-UI Automation Test-2] INFO com.ui.pages.MyAccountPage::getVisibleText::216 Element Found and now returning the visible text Vavic Test 
]]></system-out>
    <system-err><![CDATA[Feb 13, 2026 4:57:08 PM org.openqa.selenium.devtools.CdpVersionFinder findNearestMatch
WARNING: Unable to find CDP implementation matching 144
Feb 13, 2026 4:57:08 PM org.openqa.selenium.chromium.ChromiumDriver lambda$new$4
WARNING: Unable to find version of CDP to use for 144.0.7559.132. You may need to include a dependency on a specific version of the CDP using something similar to `org.seleniumhq.selenium:selenium-devtools-v86:4.35.0` where the version ("v86") matches the version of the chromium-based browser you're using and the version number of the artifact is the same as Selenium's.
Feb 13, 2026 4:57:08 PM org.openqa.selenium.devtools.CdpVersionFinder findNearestMatch
WARNING: Unable to find CDP implementation matching 144
Feb 13, 2026 4:57:08 PM org.openqa.selenium.chromium.ChromiumDriver lambda$new$4
WARNING: Unable to find version of CDP to use for 144.0.7559.132. You may need to include a dependency on a specific version of the CDP using something similar to `org.seleniumhq.selenium:selenium-devtools-v86:4.35.0` where the version ("v86") matches the version of the chromium-based browser you're using and the version number of the artifact is the same as Selenium's.
]]></system-err>
  </testcase>
  <testcase name="loginCSVTest[User [emailAddress=uday@gmail.com, password=pass4321]](3)" classname="com.ui.tests.LoginTest" time="2.078">
    <failure message="expected [Karan Sagale] but found [Uday Test]" type="java.lang.AssertionError"><![CDATA[java.lang.AssertionError: expected [Karan Sagale] but found [Uday Test]
	at org.testng.Assert.fail(Assert.java:111)
	at org.testng.Assert.failNotEquals(Assert.java:1590)
	at org.testng.Assert.assertEqualsImpl(Assert.java:150)
	at org.testng.Assert.assertEquals(Assert.java:132)
	at org.testng.Assert.assertEquals(Assert.java:656)
	at org.testng.Assert.assertEquals(Assert.java:666)
	at com.ui.tests.LoginTest.loginCSVTest(LoginTest.java:29)
	at java.base/jdk.internal.reflect.NativeMethodAccessorImpl.invoke0(Native Method)
	at java.base/jdk.internal.reflect.NativeMethodAccessorImpl.invoke(NativeMethodAccessorImpl.java:62)
	at java.base/jdk.internal.reflect.DelegatingMethodAccessorImpl.invoke(DelegatingMethodAccessorImpl.java:43)
	at java.base/java.lang.reflect.Method.invoke(Method.java:566)
	at org.testng.internal.invokers.MethodInvocationHelper.invokeMethod(MethodInvocationHelper.java:141)
	at org.testng.internal.invokers.TestInvoker.invokeMethod(TestInvoker.java:687)
	at org.testng.internal.invokers.TestInvoker.invokeTestMethod(TestInvoker.java:230)
	at org.testng.internal.invokers.MethodRunner.runInSequence(MethodRunner.java:63)
	at org.testng.internal.invokers.TestInvoker$MethodInvocationAgent.invoke(TestInvoker.java:995)
	at org.testng.internal.invokers.TestInvoker.invokeTestMethods(TestInvoker.java:203)
	at org.testng.internal.invokers.TestMethodWorker.invokeTestMethods(TestMethodWorker.java:154)
	at org.testng.internal.invokers.TestMethodWorker.run(TestMethodWorker.java:134)
	at java.base/java.util.concurrent.Executors$RunnableAdapter.call(Executors.java:515)
	at java.base/java.util.concurrent.FutureTask.run(FutureTask.java:264)
	at org.testng.internal.thread.graph.TestNGFutureTask.run(TestNGFutureTask.java:22)
	at java.base/java.util.concurrent.ThreadPoolExecutor.runWorker(ThreadPoolExecutor.java:1128)
	at java.base/java.util.concurrent.ThreadPoolExecutor$Worker.run(ThreadPoolExecutor.java:628)
	at java.base/java.lang.Thread.run(Thread.java:829)
]]></failure>
    <system-out><![CDATA[2026-02-13 16:57:14 [TestNG-test-UI Automation Test-2] WARN com.ui.listeners.TestListener::onTestSkipped::57 loginExcelTest SKIPPED 
2026-02-13 16:57:15 [TestNG-test-UI Automation Test-2] INFO com.ui.tests.LoginTest::setup::37 Load the Homepage of the website 
2026-02-13 16:57:15 [TestNG-test-UI Automation Test-2] INFO com.ui.pages.HomePage::<init>::85 Launching Browser for CHROME 
2026-02-13 16:57:15 [TestNG-test-UI Automation Test-1] INFO com.ui.pages.MyAccountPage::getVisibleText::216 Element Found and now returning the visible text Uday Test 
]]></system-out>
  </testcase>
  <testcase name="loginExcelTest[User [emailAddress=vavic26266@ahanim.com, password=password]](4)" classname="com.ui.tests.LoginTest" time="1.947">
    <failure message="expected [Karan Sagale1] but found [Vavic Test]" type="java.lang.AssertionError"><![CDATA[java.lang.AssertionError: expected [Karan Sagale1] but found [Vavic Test]
	at org.testng.Assert.fail(Assert.java:111)
	at org.testng.Assert.failNotEquals(Assert.java:1590)
	at org.testng.Assert.assertEqualsImpl(Assert.java:150)
	at org.testng.Assert.assertEquals(Assert.java:132)
	at org.testng.Assert.assertEquals(Assert.java:656)
	at org.testng.Assert.assertEquals(Assert.java:666)
	at com.ui.tests.LoginTest.loginExcelTest(LoginTest.java:36)
	at java.base/jdk.internal.reflect.NativeMethodAccessorImpl.invoke0(Native Method)
	at java.base/jdk.internal.reflect.NativeMethodAccessorImpl.invoke(NativeMethodAccessorImpl.java:62)
	at java.base/jdk.internal.reflect.DelegatingMethodAccessorImpl.invoke(DelegatingMethodAccessorImpl.java:43)
	at java.base/java.lang.reflect.Method.invoke(Method.java:566)
	at org.testng.internal.invokers.MethodInvocationHelper.invokeMethod(MethodInvocationHelper.java:141)
	at org.testng.internal.invokers.TestInvoker.invokeMethod(TestInvoker.java:687)
	at org.testng.internal.invokers.TestInvoker.retryFailed(TestInvoker.java:269)
	at org.testng.internal.invokers.MethodRunner.runInSequence(MethodRunner.java:76)
	at org.testng.internal.invokers.TestInvoker$MethodInvocationAgent.invoke(TestInvoker.java:995)
	at org.testng.internal.invokers.TestInvoker.invokeTestMethods(TestInvoker.java:203)
	at org.testng.internal.invokers.TestMethodWorker.invokeTestMethods(TestMethodWorker.java:154)
	at org.testng.internal.invokers.TestMethodWorker.run(TestMethodWorker.java:134)
	at java.base/java.util.concurrent.Executors$RunnableAdapter.call(Executors.java:515)
	at java.base/java.util.concurrent.FutureTask.run(FutureTask.java:264)
	at org.testng.internal.thread.graph.TestNGFutureTask.run(TestNGFutureTask.java:22)
	at java.base/java.util.concurrent.ThreadPoolExecutor.runWorker(ThreadPoolExecutor.java:1128)
	at java.base/java.util.concurrent.ThreadPoolExecutor$Worker.run(ThreadPoolExecutor.java:628)
	at java.base/java.lang.Thread.run(Thread.java:829)
]]></failure>
    <system-out><![CDATA[2026-02-13 16:57:15 [TestNG-test-UI Automation Test-1] ERROR com.ui.listeners.TestListener::onTestFailure::40 loginCSVTest FAILED 
2026-02-13 16:57:15 [TestNG-test-UI Automation Test-1] ERROR com.ui.listeners.TestListener::onTestFailure::41 expected [Karan Sagale] but found [Uday Test] 
2026-02-13 16:57:15 [TestNG-test-UI Automation Test-1] INFO com.ui.listeners.TestListener::onTestFailure::48 Capturing Screenshot for the failed tests 
2026-02-13 16:57:15 [TestNG-test-UI Automation Test-1] INFO com.ui.listeners.TestListener::onTestFailure::51 Attaching Screenshot to the HTML File 
2026-02-13 16:57:15 [TestNG-test-UI Automation Test-2] INFO com.ui.pages.HomePage::goToWebsite::133 Visiting the website http://automationpractice.techwithjatin.com 
2026-02-13 16:57:19 [TestNG-test-UI Automation Test-2] INFO com.ui.listeners.TestListener::onTestStart::28 loginExcelTest 
2026-02-13 16:57:19 [TestNG-test-UI Automation Test-2] INFO com.ui.listeners.TestListener::onTestStart::29 Verifies with the valid user is able to login into the application 
2026-02-13 16:57:19 [TestNG-test-UI Automation Test-2] INFO com.ui.listeners.TestListener::onTestStart::30 [e2e, sanity] 
2026-02-13 16:57:19 [TestNG-test-UI Automation Test-2] INFO com.ui.pages.HomePage::goToLoginPage::34 Trying to perform click to go to Sign in Page 
2026-02-13 16:57:19 [TestNG-test-UI Automation Test-2] INFO com.ui.pages.HomePage::clickOn::143 Finding Element with the locator By.xpath: //a[contains(text(),"Sign in")] 
2026-02-13 16:57:19 [TestNG-test-UI Automation Test-2] INFO com.ui.pages.HomePage::clickOn::148 Element Found and now performing Click 
2026-02-13 16:57:20 [TestNG-test-UI Automation Test-2] INFO com.ui.pages.LoginPage::enterText::172 Finding Element with the locator By.id: email 
2026-02-13 16:57:20 [TestNG-test-UI Automation Test-2] INFO com.ui.pages.LoginPage::enterText::177 Element Found and now enter text vavic26266@ahanim.com 
2026-02-13 16:57:20 [TestNG-test-UI Automation Test-2] INFO com.ui.pages.LoginPage::enterText::172 Finding Element with the locator By.id: passwd 
2026-02-13 16:57:20 [TestNG-test-UI Automation Test-2] INFO com.ui.pages.LoginPage::enterText::177 Element Found and now enter text password 
2026-02-13 16:57:20 [TestNG-test-UI Automation Test-2] INFO com.ui.pages.LoginPage::clickOn::143 Finding Element with the locator By.id: SubmitLogin 
2026-02-13 16:57:20 [TestNG-test-UI Automation Test-2] INFO com.ui.pages.LoginPage::clickOn::148 Element Found and now performing Click 
2026-02-13 16:57:21 [TestNG-test-UI Automation Test-2] INFO com.ui.pages.MyAccountPage::getVisibleText::213 Finding Element with the locator By.xpath: //a[@title="View my customer account"]/span 
2026-02-13 16:57:21 [TestNG-test-UI Automation Test-2] INFO com.ui.pages.MyAccountPage::getVisibleText::216 Element Found and now returning the visible text Vavic Test 
]]></system-out>
    <system-err><![CDATA[Feb 13, 2026 4:57:15 PM org.openqa.selenium.devtools.CdpVersionFinder findNearestMatch
WARNING: Unable to find CDP implementation matching 144
Feb 13, 2026 4:57:15 PM org.openqa.selenium.chromium.ChromiumDriver lambda$new$4
WARNING: Unable to find version of CDP to use for 144.0.7559.132. You may need to include a dependency on a specific version of the CDP using something similar to `org.seleniumhq.selenium:selenium-devtools-v86:4.35.0` where the version ("v86") matches the version of the chromium-based browser you're using and the version number of the artifact is the same as Selenium's.
]]></system-err>
  </testcase>
  <testcase name="verifyProductSearchTest" classname="com.ui.tests.SearchProductTest" time="1.08">
    <failure message="expected [true] but found [false]" type="java.lang.AssertionError"><![CDATA[java.lang.AssertionError: expected [true] but found [false]
	at org.testng.Assert.fail(Assert.java:111)
	at org.testng.Assert.failNotEquals(Assert.java:1590)
	at org.testng.Assert.assertEqualsImpl(Assert.java:150)
	at org.testng.Assert.assertEquals(Assert.java:132)
	at org.testng.Assert.assertEquals(Assert.java:1079)
	at org.testng.Assert.assertEquals(Assert.java:1043)
	at org.testng.Assert.assertEquals(Assert.java:1089)
	at com.ui.tests.SearchProductTest.verifyProductSearchTest(SearchProductTest.java:27)
	at java.base/jdk.internal.reflect.NativeMethodAccessorImpl.invoke0(Native Method)
	at java.base/jdk.internal.reflect.NativeMethodAccessorImpl.invoke(NativeMethodAccessorImpl.java:62)
	at java.base/jdk.internal.reflect.DelegatingMethodAccessorImpl.invoke(DelegatingMethodAccessorImpl.java:43)
	at java.base/java.lang.reflect.Method.invoke(Method.java:566)
	at org.testng.internal.invokers.MethodInvocationHelper.invokeMethod(MethodInvocationHelper.java:141)
	at org.testng.internal.invokers.TestInvoker.invokeMethod(TestInvoker.java:687)
	at org.testng.internal.invokers.TestInvoker.invokeTestMethod(TestInvoker.java:230)
	at org.testng.internal.invokers.MethodRunner.runInSequence(MethodRunner.java:63)
	at org.testng.internal.invokers.TestInvoker$MethodInvocationAgent.invoke(TestInvoker.java:995)
	at org.testng.internal.invokers.TestInvoker.invokeTestMethods(TestInvoker.java:203)
	at org.testng.internal.invokers.TestMethodWorker.invokeTestMethods(TestMethodWorker.java:154)
	at org.testng.internal.invokers.TestMethodWorker.run(TestMethodWorker.java:134)
	at java.base/java.util.concurrent.Executors$RunnableAdapter.call(Executors.java:515)
	at java.base/java.util.concurrent.FutureTask.run(FutureTask.java:264)
	at org.testng.internal.thread.graph.TestNGFutureTask.run(TestNGFutureTask.java:22)
	at java.base/java.util.concurrent.ThreadPoolExecutor.runWorker(ThreadPoolExecutor.java:1128)
	at java.base/java.util.concurrent.ThreadPoolExecutor$Worker.run(ThreadPoolExecutor.java:628)
	at java.base/java.lang.Thread.run(Thread.java:829)
]]></failure>
    <system-out><![CDATA[2026-02-13 16:56:59 [TestNG-test-UI Automation Test-1] INFO com.ui.listeners.TestListener::onTestSuccess::35 loginCSVTest PASSED 
2026-02-13 16:56:59 [TestNG-test-UI Automation Test-6] INFO com.ui.pages.SearchResultPage::getAllVisibleText::225 Elements Found and now printing the List of Elements 
]]></system-out>
  </testcase>
  <testcase name="addNewAddress" classname="com.ui.tests.AddNewFirstAddressTest" time="2.158">
    <failure message="Cannot locate option with text: New Hampshire&#10;For documentation on this error, please visit: https://www.selenium.dev/documentation/webdriver/troubleshooting/errors#no-such-element-exception&#10;Build info: version: &apos;4.35.0&apos;, revision: &apos;1c58e5028b&apos;&#10;System info: os.name: &apos;Linux&apos;, os.arch: &apos;amd64&apos;, os.version: &apos;6.14.0-1017-azure&apos;, java.version: &apos;11.0.30&apos;&#10;Driver info: driver.version: unknown" type="org.openqa.selenium.NoSuchElementException"><![CDATA[org.openqa.selenium.NoSuchElementException: 
Cannot locate option with text: New Hampshire
For documentation on this error, please visit: https://www.selenium.dev/documentation/webdriver/troubleshooting/errors#no-such-element-exception
Build info: version: '4.35.0', revision: '1c58e5028b'
System info: os.name: 'Linux', os.arch: 'amd64', os.version: '6.14.0-1017-azure', java.version: '11.0.30'
Driver info: driver.version: unknown
	at org.openqa.selenium.support.ui.Select.selectByVisibleText(Select.java:167)
	at com.utility.BrowserUtility.selectFromDropDown(BrowserUtility.java:198)
	at com.ui.pages.AddressPage.saveAddress(AddressPage.java:40)
	at com.ui.tests.AddNewFirstAddressTest.addNewAddress(AddNewFirstAddressTest.java:25)
	at java.base/jdk.internal.reflect.NativeMethodAccessorImpl.invoke0(Native Method)
	at java.base/jdk.internal.reflect.NativeMethodAccessorImpl.invoke(NativeMethodAccessorImpl.java:62)
	at java.base/jdk.internal.reflect.DelegatingMethodAccessorImpl.invoke(DelegatingMethodAccessorImpl.java:43)
	at java.base/java.lang.reflect.Method.invoke(Method.java:566)
	at org.testng.internal.invokers.MethodInvocationHelper.invokeMethod(MethodInvocationHelper.java:141)
	at org.testng.internal.invokers.TestInvoker.invokeMethod(TestInvoker.java:687)
	at org.testng.internal.invokers.TestInvoker.invokeTestMethod(TestInvoker.java:230)
	at org.testng.internal.invokers.MethodRunner.runInSequence(MethodRunner.java:63)
	at org.testng.internal.invokers.TestInvoker$MethodInvocationAgent.invoke(TestInvoker.java:995)
	at org.testng.internal.invokers.TestInvoker.invokeTestMethods(TestInvoker.java:203)
	at org.testng.internal.invokers.TestMethodWorker.invokeTestMethods(TestMethodWorker.java:154)
	at org.testng.internal.invokers.TestMethodWorker.run(TestMethodWorker.java:134)
	at java.base/java.util.concurrent.Executors$RunnableAdapter.call(Executors.java:515)
	at java.base/java.util.concurrent.FutureTask.run(FutureTask.java:264)
	at org.testng.internal.thread.graph.TestNGFutureTask.run(TestNGFutureTask.java:22)
	at java.base/java.util.concurrent.ThreadPoolExecutor.runWorker(ThreadPoolExecutor.java:1128)
	at java.base/java.util.concurrent.ThreadPoolExecutor$Worker.run(ThreadPoolExecutor.java:628)
	at java.base/java.lang.Thread.run(Thread.java:829)
]]></failure>
    <system-out><![CDATA[2026-02-13 16:56:59 [TestNG-test-UI Automation Test-6] ERROR com.ui.listeners.TestListener::onTestFailure::40 verifyProductSearchTest FAILED 
2026-02-13 16:56:59 [TestNG-test-UI Automation Test-6] ERROR com.ui.listeners.TestListener::onTestFailure::41 expected [true] but found [false] 
2026-02-13 16:56:59 [TestNG-test-UI Automation Test-6] INFO com.ui.listeners.TestListener::onTestFailure::48 Capturing Screenshot for the failed tests 
2026-02-13 16:56:59 [TestNG-test-UI Automation Test-2] INFO com.ui.tests.LoginTest::setup::37 Load the Homepage of the website 
2026-02-13 16:56:59 [TestNG-test-UI Automation Test-1] INFO com.ui.tests.LoginTest::setup::37 Load the Homepage of the website 
2026-02-13 16:56:59 [TestNG-test-UI Automation Test-2] INFO com.ui.pages.HomePage::<init>::85 Launching Browser for CHROME 
2026-02-13 16:56:59 [TestNG-test-UI Automation Test-1] INFO com.ui.pages.HomePage::<init>::85 Launching Browser for CHROME 
2026-02-13 16:57:00 [TestNG-test-UI Automation Test-6] INFO com.ui.listeners.TestListener::onTestFailure::51 Attaching Screenshot to the HTML File 
2026-02-13 16:57:00 [TestNG-test-UI Automation Test-3] INFO com.ui.pages.HomePage::goToWebsite::133 Visiting the website http://automationpractice.techwithjatin.com 
2026-02-13 16:57:00 [TestNG-test-UI Automation Test-5] INFO com.ui.listeners.TestListener::onTestStart::28 addNewAddress 
2026-02-13 16:57:00 [TestNG-test-UI Automation Test-5] INFO com.ui.listeners.TestListener::onTestStart::29  
2026-02-13 16:57:00 [TestNG-test-UI Automation Test-5] INFO com.ui.listeners.TestListener::onTestStart::30 [] 
2026-02-13 16:57:00 [TestNG-test-UI Automation Test-5] INFO com.ui.pages.MyAccountPage::clickOn::143 Finding Element with the locator By.xpath: //a[@title="Add my first address"] 
2026-02-13 16:57:00 [TestNG-test-UI Automation Test-7] INFO com.ui.pages.ProductDetailPage::selectFromDropDown::194 Finding Element with the locator By.id: group_1 
2026-02-13 16:57:00 [TestNG-test-UI Automation Test-5] INFO com.ui.pages.MyAccountPage::clickOn::148 Element Found and now performing Click 
2026-02-13 16:57:00 [TestNG-test-UI Automation Test-7] INFO com.ui.pages.ProductDetailPage::selectFromDropDown::197 Selecting the Option L 
2026-02-13 16:57:00 [TestNG-test-UI Automation Test-2] INFO com.ui.pages.HomePage::goToWebsite::133 Visiting the website http://automationpractice.techwithjatin.com 
2026-02-13 16:57:01 [TestNG-test-UI Automation Test-1] INFO com.ui.pages.HomePage::goToWebsite::133 Visiting the website http://automationpractice.techwithjatin.com 
2026-02-13 16:57:01 [TestNG-test-UI Automation Test-7] INFO com.ui.pages.ProductDetailPage::clickOn::143 Finding Element with the locator By.name: Submit 
2026-02-13 16:57:01 [TestNG-test-UI Automation Test-7] INFO com.ui.pages.ProductDetailPage::clickOn::148 Element Found and now performing Click 
2026-02-13 16:57:01 [TestNG-test-UI Automation Test-7] INFO com.ui.pages.ProductDetailPage::clickOn::143 Finding Element with the locator By.xpath: //a[@title="Proceed to checkout"] 
2026-02-13 16:57:01 [TestNG-test-UI Automation Test-5] INFO com.ui.pages.AddressPage::enterText::172 Finding Element with the locator By.id: company 
2026-02-13 16:57:01 [TestNG-test-UI Automation Test-5] INFO com.ui.pages.AddressPage::enterText::177 Element Found and now enter text Botsford-Kunze 
2026-02-13 16:57:01 [TestNG-test-UI Automation Test-5] INFO com.ui.pages.AddressPage::enterText::172 Finding Element with the locator By.id: address1 
2026-02-13 16:57:01 [TestNG-test-UI Automation Test-5] INFO com.ui.pages.AddressPage::enterText::177 Element Found and now enter text 645 
2026-02-13 16:57:01 [TestNG-test-UI Automation Test-7] INFO com.ui.pages.ProductDetailPage::clickOn::148 Element Found and now performing Click 
2026-02-13 16:57:01 [TestNG-test-UI Automation Test-5] INFO com.ui.pages.AddressPage::enterText::172 Finding Element with the locator By.id: address2 
2026-02-13 16:57:01 [TestNG-test-UI Automation Test-5] INFO com.ui.pages.AddressPage::enterText::177 Element Found and now enter text 788 Cierra Crossing 
2026-02-13 16:57:01 [TestNG-test-UI Automation Test-5] INFO com.ui.pages.AddressPage::enterText::172 Finding Element with the locator By.id: city 
2026-02-13 16:57:01 [TestNG-test-UI Automation Test-5] INFO com.ui.pages.AddressPage::enterText::177 Element Found and now enter text Watersburgh 
2026-02-13 16:57:02 [TestNG-test-UI Automation Test-5] INFO com.ui.pages.AddressPage::enterText::172 Finding Element with the locator By.id: postcode 
2026-02-13 16:57:02 [TestNG-test-UI Automation Test-5] INFO com.ui.pages.AddressPage::enterText::177 Element Found and now enter text 66143 
2026-02-13 16:57:02 [TestNG-test-UI Automation Test-5] INFO com.ui.pages.AddressPage::enterText::172 Finding Element with the locator By.id: phone 
2026-02-13 16:57:02 [TestNG-test-UI Automation Test-5] INFO com.ui.pages.AddressPage::enterText::177 Element Found and now enter text (731) 856-6206 
2026-02-13 16:57:02 [TestNG-test-UI Automation Test-5] INFO com.ui.pages.AddressPage::enterText::172 Finding Element with the locator By.id: phone_mobile 
2026-02-13 16:57:02 [TestNG-test-UI Automation Test-5] INFO com.ui.pages.AddressPage::enterText::177 Element Found and now enter text (660) 414-8947 
2026-02-13 16:57:02 [TestNG-test-UI Automation Test-5] INFO com.ui.pages.AddressPage::enterText::172 Finding Element with the locator By.id: other 
2026-02-13 16:57:02 [TestNG-test-UI Automation Test-5] INFO com.ui.pages.AddressPage::enterText::177 Element Found and now enter text other 
2026-02-13 16:57:02 [TestNG-test-UI Automation Test-5] INFO com.ui.pages.AddressPage::clearText::183 Finding Element with the locator By.id: alias 
2026-02-13 16:57:02 [TestNG-test-UI Automation Test-5] INFO com.ui.pages.AddressPage::clearText::188 Element Found and now clearing the text box field 
2026-02-13 16:57:02 [TestNG-test-UI Automation Test-5] INFO com.ui.pages.AddressPage::enterText::172 Finding Element with the locator By.id: alias 
2026-02-13 16:57:02 [TestNG-test-UI Automation Test-5] INFO com.ui.pages.AddressPage::enterText::177 Element Found and now enter text office address 
2026-02-13 16:57:02 [TestNG-test-UI Automation Test-7] INFO com.ui.pages.ShoppingCartPage::clickOn::143 Finding Element with the locator By.xpath: //p[contains(@class,"cart_navigation")]/a[@title="Proceed to checkout"] 
2026-02-13 16:57:02 [TestNG-test-UI Automation Test-5] INFO com.ui.pages.AddressPage::selectFromDropDown::194 Finding Element with the locator By.id: id_state 
2026-02-13 16:57:02 [TestNG-test-UI Automation Test-7] INFO com.ui.pages.ShoppingCartPage::clickOn::148 Element Found and now performing Click 
2026-02-13 16:57:02 [TestNG-test-UI Automation Test-5] INFO com.ui.pages.AddressPage::selectFromDropDown::197 Selecting the Option New Hampshire 
]]></system-out>
    <system-err><![CDATA[Feb 13, 2026 4:57:00 PM org.openqa.selenium.devtools.CdpVersionFinder findNearestMatch
WARNING: Unable to find CDP implementation matching 144
Feb 13, 2026 4:57:00 PM org.openqa.selenium.chromium.ChromiumDriver lambda$new$4
WARNING: Unable to find version of CDP to use for 144.0.7559.132. You may need to include a dependency on a specific version of the CDP using something similar to `org.seleniumhq.selenium:selenium-devtools-v86:4.35.0` where the version ("v86") matches the version of the chromium-based browser you're using and the version number of the artifact is the same as Selenium's.
Feb 13, 2026 4:57:00 PM org.openqa.selenium.devtools.CdpVersionFinder findNearestMatch
WARNING: Unable to find CDP implementation matching 144
Feb 13, 2026 4:57:00 PM org.openqa.selenium.chromium.ChromiumDriver lambda$new$4
WARNING: Unable to find version of CDP to use for 144.0.7559.132. You may need to include a dependency on a specific version of the CDP using something similar to `org.seleniumhq.selenium:selenium-devtools-v86:4.35.0` where the version ("v86") matches the version of the chromium-based browser you're using and the version number of the artifact is the same as Selenium's.
Feb 13, 2026 4:57:01 PM org.openqa.selenium.devtools.CdpVersionFinder findNearestMatch
WARNING: Unable to find CDP implementation matching 144
Feb 13, 2026 4:57:01 PM org.openqa.selenium.chromium.ChromiumDriver lambda$new$4
WARNING: Unable to find version of CDP to use for 144.0.7559.132. You may need to include a dependency on a specific version of the CDP using something similar to `org.seleniumhq.selenium:selenium-devtools-v86:4.35.0` where the version ("v86") matches the version of the chromium-based browser you're using and the version number of the artifact is the same as Selenium's.
]]></system-err>
  </testcase>
  <testcase name="checkoutTest" classname="com.ui.tests.ProductCheckoutTest" time="13.912">
    <failure message="Expected condition failed: waiting for element to be clickable: By.name: processAddress (tried for 30 second(s) with 500 milliseconds interval)&#10;Build info: version: &apos;4.35.0&apos;, revision: &apos;1c58e5028b&apos;&#10;System info: os.name: &apos;Linux&apos;, os.arch: &apos;amd64&apos;, os.version: &apos;6.14.0-1017-azure&apos;, java.version: &apos;11.0.30&apos;&#10;Driver info: org.openqa.selenium.chrome.ChromeDriver&#10;Capabilities {acceptInsecureCerts: false, browserName: chrome, browserVersion: 144.0.7559.132, chrome: {chromedriverVersion: 144.0.7559.133 (7da823b1d59..., userDataDir: /tmp/org.chromium.Chromium....}, fedcm:accounts: true, goog:chromeOptions: {debuggerAddress: localhost:33375}, goog:processID: 2585, networkConnectionEnabled: false, pageLoadStrategy: normal, platformName: linux, proxy: Proxy(), se:cdp: ws://localhost:33375/devtoo..., se:cdpVersion: 144.0.7559.132, setWindowRect: true, strictFileInteractability: false, timeouts: {implicit: 0, pageLoad: 300000, script: 30000}, unhandledPromptBehavior: dismiss and notify, webauthn:extension:credBlob: true, webauthn:extension:largeBlob: true, webauthn:extension:minPinLength: true, webauthn:extension:prf: true, webauthn:virtualAuthenticators: true}&#10;Session ID: ae83384de23cb439c647237ccaf22706" type="org.openqa.selenium.TimeoutException"><![CDATA[org.openqa.selenium.TimeoutException: 
Expected condition failed: waiting for element to be clickable: By.name: processAddress (tried for 30 second(s) with 500 milliseconds interval)
Build info: version: '4.35.0', revision: '1c58e5028b'
System info: os.name: 'Linux', os.arch: 'amd64', os.version: '6.14.0-1017-azure', java.version: '11.0.30'
Driver info: org.openqa.selenium.chrome.ChromeDriver
Capabilities {acceptInsecureCerts: false, browserName: chrome, browserVersion: 144.0.7559.132, chrome: {chromedriverVersion: 144.0.7559.133 (7da823b1d59..., userDataDir: /tmp/org.chromium.Chromium....}, fedcm:accounts: true, goog:chromeOptions: {debuggerAddress: localhost:33375}, goog:processID: 2585, networkConnectionEnabled: false, pageLoadStrategy: normal, platformName: linux, proxy: Proxy(), se:cdp: ws://localhost:33375/devtoo..., se:cdpVersion: 144.0.7559.132, setWindowRect: true, strictFileInteractability: false, timeouts: {implicit: 0, pageLoad: 300000, script: 30000}, unhandledPromptBehavior: dismiss and notify, webauthn:extension:credBlob: true, webauthn:extension:largeBlob: true, webauthn:extension:minPinLength: true, webauthn:extension:prf: true, webauthn:virtualAuthenticators: true}
Session ID: ae83384de23cb439c647237ccaf22706
	at org.openqa.selenium.support.ui.WebDriverWait.timeoutException(WebDriverWait.java:84)
	at org.openqa.selenium.support.ui.FluentWait.until(FluentWait.java:228)
	at com.utility.BrowserUtility.clickOn(BrowserUtility.java:146)
	at com.ui.pages.ConfirmAddressPage.goToShippmentPage(ConfirmAddressPage.java:17)
	at com.ui.tests.ProductCheckoutTest.checkoutTest(ProductCheckoutTest.java:24)
	at java.base/jdk.internal.reflect.NativeMethodAccessorImpl.invoke0(Native Method)
	at java.base/jdk.internal.reflect.NativeMethodAccessorImpl.invoke(NativeMethodAccessorImpl.java:62)
	at java.base/jdk.internal.reflect.DelegatingMethodAccessorImpl.invoke(DelegatingMethodAccessorImpl.java:43)
	at java.base/java.lang.reflect.Method.invoke(Method.java:566)
	at org.testng.internal.invokers.MethodInvocationHelper.invokeMethod(MethodInvocationHelper.java:141)
	at org.testng.internal.invokers.TestInvoker.invokeMethod(TestInvoker.java:687)
	at org.testng.internal.invokers.TestInvoker.invokeTestMethod(TestInvoker.java:230)
	at org.testng.internal.invokers.MethodRunner.runInSequence(MethodRunner.java:63)
	at org.testng.internal.invokers.TestInvoker$MethodInvocationAgent.invoke(TestInvoker.java:995)
	at org.testng.internal.invokers.TestInvoker.invokeTestMethods(TestInvoker.java:203)
	at org.testng.internal.invokers.TestMethodWorker.invokeTestMethods(TestMethodWorker.java:154)
	at org.testng.internal.invokers.TestMethodWorker.run(TestMethodWorker.java:134)
	at java.base/java.util.concurrent.Executors$RunnableAdapter.call(Executors.java:515)
	at java.base/java.util.concurrent.FutureTask.run(FutureTask.java:264)
	at org.testng.internal.thread.graph.TestNGFutureTask.run(TestNGFutureTask.java:22)
	at java.base/java.util.concurrent.ThreadPoolExecutor.runWorker(ThreadPoolExecutor.java:1128)
	at java.base/java.util.concurrent.ThreadPoolExecutor$Worker.run(ThreadPoolExecutor.java:628)
	at java.base/java.lang.Thread.run(Thread.java:829)
]]></failure>
    <system-out><![CDATA[2026-02-13 16:57:21 [TestNG-test-UI Automation Test-2] ERROR com.ui.listeners.TestListener::onTestFailure::40 loginExcelTest FAILED 
2026-02-13 16:57:21 [TestNG-test-UI Automation Test-2] ERROR com.ui.listeners.TestListener::onTestFailure::41 expected [Karan Sagale1] but found [Vavic Test] 
2026-02-13 16:57:21 [TestNG-test-UI Automation Test-2] INFO com.ui.listeners.TestListener::onTestFailure::48 Capturing Screenshot for the failed tests 
2026-02-13 16:57:21 [TestNG-test-UI Automation Test-2] INFO com.ui.listeners.TestListener::onTestFailure::51 Attaching Screenshot to the HTML File 
]]></system-out>
  </testcase>
</testsuite>